<?xml version="1.0" encoding="UTF-8"?>
<coverage generated="1763092331226" clover="3.2.0">
  <project timestamp="1763092331227" name="All files">
    <metrics statements="396" coveredstatements="194" conditionals="216" coveredconditionals="95" methods="63" coveredmethods="32" elements="675" coveredelements="321" complexity="0" loc="396" ncloc="396" packages="1" files="10" classes="10"/>
    <file name="btCost.ts" path="C:\Users\babaei\Desktop\Research\Ai4SE4AI\RATEN-ra4xstate\packages\xstate-raten\src\btCost.ts">
      <metrics statements="86" coveredstatements="5" conditionals="25" coveredconditionals="0" methods="12" coveredmethods="0"/>
      <line num="8" count="1" type="stmt"/>
      <line num="9" count="1" type="stmt"/>
      <line num="10" count="1" type="stmt"/>
      <line num="15" count="1" type="stmt"/>
      <line num="40" count="1" type="stmt"/>
      <line num="51" count="0" type="stmt"/>
      <line num="54" count="0" type="stmt"/>
      <line num="55" count="0" type="stmt"/>
      <line num="57" count="0" type="cond" truecount="0" falsecount="1"/>
      <line num="59" count="0" type="stmt"/>
      <line num="63" count="0" type="stmt"/>
      <line num="65" count="0" type="cond" truecount="0" falsecount="3"/>
      <line num="66" count="0" type="stmt"/>
      <line num="67" count="0" type="stmt"/>
      <line num="71" count="0" type="stmt"/>
      <line num="72" count="0" type="stmt"/>
      <line num="74" count="0" type="cond" truecount="0" falsecount="1"/>
      <line num="76" count="0" type="stmt"/>
      <line num="77" count="0" type="stmt"/>
      <line num="78" count="0" type="stmt"/>
      <line num="80" count="0" type="stmt"/>
      <line num="82" count="0" type="cond" truecount="0" falsecount="1"/>
      <line num="83" count="0" type="stmt"/>
      <line num="88" count="0" type="stmt"/>
      <line num="101" count="0" type="stmt"/>
      <line num="102" count="0" type="stmt"/>
      <line num="105" count="0" type="stmt"/>
      <line num="107" count="0" type="stmt"/>
      <line num="108" count="0" type="stmt"/>
      <line num="109" count="0" type="cond" truecount="0" falsecount="1"/>
      <line num="110" count="0" type="stmt"/>
      <line num="114" count="0" type="cond" truecount="0" falsecount="1"/>
      <line num="115" count="0" type="stmt"/>
      <line num="119" count="0" type="stmt"/>
      <line num="120" count="0" type="cond" truecount="0" falsecount="2"/>
      <line num="135" count="0" type="stmt"/>
      <line num="136" count="0" type="stmt"/>
      <line num="137" count="0" type="stmt"/>
      <line num="146" count="0" type="stmt"/>
      <line num="147" count="0" type="stmt"/>
      <line num="149" count="0" type="stmt"/>
      <line num="150" count="0" type="stmt"/>
      <line num="152" count="0" type="cond" truecount="0" falsecount="1"/>
      <line num="156" count="0" type="stmt"/>
      <line num="157" count="0" type="cond" truecount="0" falsecount="1"/>
      <line num="160" count="0" type="stmt"/>
      <line num="163" count="0" type="cond" truecount="0" falsecount="1"/>
      <line num="164" count="0" type="stmt"/>
      <line num="165" count="0" type="cond" truecount="0" falsecount="1"/>
      <line num="166" count="0" type="stmt"/>
      <line num="174" count="0" type="cond" truecount="0" falsecount="2"/>
      <line num="175" count="0" type="stmt"/>
      <line num="176" count="0" type="stmt"/>
      <line num="177" count="0" type="stmt"/>
      <line num="185" count="0" type="stmt"/>
      <line num="203" count="0" type="stmt"/>
      <line num="204" count="0" type="stmt"/>
      <line num="206" count="0" type="stmt"/>
      <line num="207" count="0" type="stmt"/>
      <line num="209" count="0" type="cond" truecount="0" falsecount="1"/>
      <line num="210" count="0" type="stmt"/>
      <line num="216" count="0" type="cond" truecount="0" falsecount="1"/>
      <line num="217" count="0" type="stmt"/>
      <line num="219" count="0" type="stmt"/>
      <line num="221" count="0" type="cond" truecount="0" falsecount="2"/>
      <line num="222" count="0" type="stmt"/>
      <line num="223" count="0" type="stmt"/>
      <line num="224" count="0" type="cond" truecount="0" falsecount="1"/>
      <line num="225" count="0" type="stmt"/>
      <line num="233" count="0" type="stmt"/>
      <line num="240" count="0" type="stmt"/>
      <line num="241" count="0" type="stmt"/>
      <line num="243" count="0" type="stmt"/>
      <line num="244" count="0" type="stmt"/>
      <line num="245" count="0" type="stmt"/>
      <line num="247" count="0" type="stmt"/>
      <line num="253" count="0" type="stmt"/>
      <line num="260" count="0" type="cond" truecount="0" falsecount="1"/>
      <line num="261" count="0" type="stmt"/>
      <line num="263" count="0" type="stmt"/>
      <line num="270" count="0" type="stmt"/>
      <line num="271" count="0" type="stmt"/>
      <line num="273" count="0" type="stmt"/>
      <line num="281" count="0" type="cond" truecount="0" falsecount="3"/>
      <line num="282" count="0" type="stmt"/>
      <line num="284" count="0" type="stmt"/>
    </file>
    <file name="configuration.ts" path="C:\Users\babaei\Desktop\Research\Ai4SE4AI\RATEN-ra4xstate\packages\xstate-raten\src\configuration.ts">
      <metrics statements="15" coveredstatements="4" conditionals="15" coveredconditionals="2" methods="3" coveredmethods="1"/>
      <line num="12" count="1" type="stmt"/>
      <line num="15" count="4" type="stmt"/>
      <line num="30" count="1" type="stmt"/>
      <line num="32" count="0" type="stmt"/>
      <line num="35" count="0" type="stmt"/>
      <line num="36" count="0" type="cond" truecount="0" falsecount="3"/>
      <line num="39" count="0" type="stmt"/>
      <line num="40" count="0" type="cond" truecount="0" falsecount="4"/>
      <line num="42" count="0" type="cond" truecount="0" falsecount="2"/>
      <line num="43" count="0" type="stmt"/>
      <line num="44" count="0" type="cond" truecount="0" falsecount="1"/>
      <line num="45" count="0" type="stmt"/>
      <line num="51" count="0" type="stmt"/>
      <line num="62" count="1" type="stmt"/>
      <line num="67" count="0" type="stmt"/>
    </file>
    <file name="costComputation.ts" path="C:\Users\babaei\Desktop\Research\Ai4SE4AI\RATEN-ra4xstate\packages\xstate-raten\src\costComputation.ts">
      <metrics statements="47" coveredstatements="26" conditionals="12" coveredconditionals="4" methods="1" coveredmethods="1"/>
      <line num="9" count="1" type="stmt"/>
      <line num="10" count="1" type="stmt"/>
      <line num="11" count="1" type="stmt"/>
      <line num="12" count="1" type="stmt"/>
      <line num="13" count="1" type="stmt"/>
      <line num="29" count="1" type="stmt"/>
      <line num="40" count="2" type="stmt"/>
      <line num="41" count="2" type="stmt"/>
      <line num="44" count="2" type="stmt"/>
      <line num="45" count="2" type="stmt"/>
      <line num="46" count="2" type="stmt"/>
      <line num="49" count="2" type="stmt"/>
      <line num="52" count="8" type="stmt"/>
      <line num="55" count="2" type="stmt"/>
      <line num="57" count="2" type="stmt"/>
      <line num="58" count="2" type="stmt"/>
      <line num="61" count="2" type="stmt"/>
      <line num="63" count="1" type="stmt"/>
      <line num="64" count="1" type="stmt"/>
      <line num="67" count="1" type="stmt"/>
      <line num="68" count="1" type="stmt"/>
      <line num="76" count="1" type="cond" truecount="2" falsecount="1"/>
      <line num="78" count="1" type="stmt"/>
      <line num="79" count="1" type="stmt"/>
      <line num="80" count="1" type="stmt"/>
      <line num="84" count="0" type="stmt"/>
      <line num="85" count="0" type="stmt"/>
      <line num="87" count="0" type="cond" truecount="0" falsecount="2"/>
      <line num="89" count="0" type="stmt"/>
      <line num="90" count="0" type="stmt"/>
      <line num="101" count="0" type="cond" truecount="0" falsecount="2"/>
      <line num="103" count="0" type="stmt"/>
      <line num="104" count="0" type="stmt"/>
      <line num="105" count="0" type="cond" truecount="0" falsecount="2"/>
      <line num="107" count="0" type="stmt"/>
      <line num="108" count="0" type="stmt"/>
      <line num="121" count="0" type="stmt"/>
      <line num="122" count="0" type="stmt"/>
      <line num="126" count="0" type="stmt"/>
      <line num="129" count="0" type="cond" truecount="0" falsecount="1"/>
      <line num="131" count="0" type="stmt"/>
      <line num="139" count="0" type="stmt"/>
      <line num="149" count="0" type="stmt"/>
      <line num="150" count="0" type="stmt"/>
      <line num="153" count="0" type="stmt"/>
      <line num="154" count="0" type="stmt"/>
      <line num="158" count="2" type="stmt"/>
    </file>
    <file name="costExtraction.ts" path="C:\Users\babaei\Desktop\Research\Ai4SE4AI\RATEN-ra4xstate\packages\xstate-raten\src\costExtraction.ts">
      <metrics statements="30" coveredstatements="1" conditionals="22" coveredconditionals="0" methods="2" coveredmethods="0"/>
      <line num="16" count="1" type="stmt"/>
      <line num="18" count="0" type="stmt"/>
      <line num="19" count="0" type="cond" truecount="0" falsecount="1"/>
      <line num="20" count="0" type="stmt"/>
      <line num="24" count="0" type="cond" truecount="0" falsecount="1"/>
      <line num="25" count="0" type="stmt"/>
      <line num="29" count="0" type="stmt"/>
      <line num="40" count="0" type="cond" truecount="0" falsecount="3"/>
      <line num="41" count="0" type="stmt"/>
      <line num="44" count="0" type="stmt"/>
      <line num="46" count="0" type="cond" truecount="0" falsecount="4"/>
      <line num="47" count="0" type="cond" truecount="0" falsecount="2"/>
      <line num="51" count="0" type="cond" truecount="0" falsecount="3"/>
      <line num="52" count="0" type="stmt"/>
      <line num="53" count="0" type="stmt"/>
      <line num="54" count="0" type="cond" truecount="0" falsecount="1"/>
      <line num="55" count="0" type="stmt"/>
      <line num="59" count="0" type="stmt"/>
      <line num="60" count="0" type="cond" truecount="0" falsecount="1"/>
      <line num="61" count="0" type="stmt"/>
      <line num="66" count="0" type="cond" truecount="0" falsecount="1"/>
      <line num="67" count="0" type="stmt"/>
      <line num="68" count="0" type="cond" truecount="0" falsecount="1"/>
      <line num="69" count="0" type="stmt"/>
      <line num="74" count="0" type="cond" truecount="0" falsecount="3"/>
      <line num="75" count="0" type="stmt"/>
      <line num="76" count="0" type="stmt"/>
      <line num="77" count="0" type="cond" truecount="0" falsecount="1"/>
      <line num="78" count="0" type="stmt"/>
      <line num="86" count="0" type="stmt"/>
    </file>
    <file name="preprocessing.ts" path="C:\Users\babaei\Desktop\Research\Ai4SE4AI\RATEN-ra4xstate\packages\xstate-raten\src\preprocessing.ts">
      <metrics statements="25" coveredstatements="24" conditionals="18" coveredconditionals="17" methods="1" coveredmethods="1"/>
      <line num="8" count="2" type="stmt"/>
      <line num="9" count="2" type="stmt"/>
      <line num="24" count="2" type="stmt"/>
      <line num="26" count="9" type="cond" truecount="1" falsecount="0"/>
      <line num="27" count="9" type="cond" truecount="1" falsecount="0"/>
      <line num="29" count="7" type="stmt"/>
      <line num="30" count="7" type="stmt"/>
      <line num="31" count="7" type="stmt"/>
      <line num="32" count="7" type="stmt"/>
      <line num="35" count="7" type="stmt"/>
      <line num="38" count="20" type="stmt"/>
      <line num="39" count="20" type="stmt"/>
      <line num="40" count="20" type="stmt"/>
      <line num="41" count="20" type="stmt"/>
      <line num="42" count="20" type="stmt"/>
      <line num="44" count="20" type="cond" truecount="4" falsecount="0"/>
      <line num="46" count="7" type="stmt"/>
      <line num="47" count="13" type="cond" truecount="4" falsecount="0"/>
      <line num="49" count="6" type="stmt"/>
      <line num="50" count="7" type="cond" truecount="4" falsecount="0"/>
      <line num="52" count="6" type="stmt"/>
      <line num="53" count="1" type="cond" truecount="3" falsecount="1"/>
      <line num="55" count="1" type="stmt"/>
      <line num="59" count="0" type="stmt"/>
      <line num="63" count="7" type="stmt"/>
    </file>
    <file name="raten.ts" path="C:\Users\babaei\Desktop\Research\Ai4SE4AI\RATEN-ra4xstate\packages\xstate-raten\src\raten.ts">
      <metrics statements="24" coveredstatements="22" conditionals="19" coveredconditionals="14" methods="8" coveredmethods="6"/>
      <line num="8" count="1" type="stmt"/>
      <line num="9" count="1" type="stmt"/>
      <line num="10" count="1" type="stmt"/>
      <line num="11" count="1" type="stmt"/>
      <line num="16" count="1" type="stmt"/>
      <line num="34" count="9" type="cond" truecount="1" falsecount="0"/>
      <line num="36" count="5" type="stmt"/>
      <line num="37" count="5" type="stmt"/>
      <line num="40" count="5" type="stmt"/>
      <line num="49" count="5" type="stmt"/>
      <line num="50" count="5" type="stmt"/>
      <line num="53" count="5" type="stmt"/>
      <line num="67" count="1" type="stmt"/>
      <line num="68" count="2" type="stmt"/>
      <line num="89" count="1" type="stmt"/>
      <line num="95" count="0" type="cond" truecount="0" falsecount="2"/>
      <line num="101" count="0" type="stmt"/>
      <line num="113" count="1" type="stmt"/>
      <line num="114" count="1" type="stmt"/>
      <line num="120" count="1" type="stmt"/>
      <line num="121" count="1" type="stmt"/>
      <line num="127" count="1" type="stmt"/>
      <line num="128" count="1" type="stmt"/>
      <line num="130" count="1" type="stmt"/>
    </file>
    <file name="rcSteps.ts" path="C:\Users\babaei\Desktop\Research\Ai4SE4AI\RATEN-ra4xstate\packages\xstate-raten\src\rcSteps.ts">
      <metrics statements="34" coveredstatements="23" conditionals="24" coveredconditionals="14" methods="5" coveredmethods="3"/>
      <line num="13" count="2" type="stmt"/>
      <line num="14" count="17" type="stmt"/>
      <line num="15" count="17" type="stmt"/>
      <line num="18" count="55" type="stmt"/>
      <line num="20" count="55" type="cond" truecount="0" falsecount="1"/>
      <line num="21" count="0" type="stmt"/>
      <line num="23" count="55" type="stmt"/>
      <line num="26" count="55" type="cond" truecount="3" falsecount="0"/>
      <line num="27" count="60" type="stmt"/>
      <line num="28" count="60" type="cond" truecount="3" falsecount="0"/>
      <line num="30" count="60" type="cond" truecount="1" falsecount="1"/>
      <line num="31" count="60" type="cond" truecount="1" falsecount="1"/>
      <line num="34" count="60" type="stmt"/>
      <line num="35" count="60" type="cond" truecount="1" falsecount="1"/>
      <line num="39" count="60" type="cond" truecount="1" falsecount="0"/>
      <line num="40" count="60" type="stmt"/>
      <line num="47" count="60" type="stmt"/>
      <line num="55" count="55" type="cond" truecount="1" falsecount="0"/>
      <line num="56" count="55" type="stmt"/>
      <line num="57" count="55" type="stmt"/>
      <line num="58" count="38" type="stmt"/>
      <line num="63" count="17" type="stmt"/>
      <line num="64" count="17" type="stmt"/>
      <line num="70" count="2" type="stmt"/>
      <line num="71" count="0" type="stmt"/>
      <line num="73" count="0" type="stmt"/>
      <line num="74" count="0" type="stmt"/>
      <line num="75" count="0" type="cond" truecount="0" falsecount="1"/>
      <line num="76" count="0" type="stmt"/>
      <line num="78" count="0" type="stmt"/>
      <line num="81" count="0" type="stmt"/>
      <line num="88" count="0" type="cond" truecount="0" falsecount="1"/>
      <line num="89" count="0" type="stmt"/>
      <line num="91" count="0" type="stmt"/>
    </file>
    <file name="testEnhancement.ts" path="C:\Users\babaei\Desktop\Research\Ai4SE4AI\RATEN-ra4xstate\packages\xstate-raten\src\testEnhancement.ts">
      <metrics statements="20" coveredstatements="4" conditionals="3" coveredconditionals="0" methods="3" coveredmethods="0"/>
      <line num="9" count="1" type="stmt"/>
      <line num="29" count="1" type="stmt"/>
      <line num="34" count="0" type="cond" truecount="0" falsecount="1"/>
      <line num="36" count="0" type="stmt"/>
      <line num="38" count="0" type="stmt"/>
      <line num="39" count="0" type="stmt"/>
      <line num="42" count="0" type="stmt"/>
      <line num="44" count="0" type="stmt"/>
      <line num="47" count="0" type="stmt"/>
      <line num="50" count="0" type="cond" truecount="0" falsecount="1"/>
      <line num="51" count="0" type="stmt"/>
      <line num="52" count="0" type="stmt"/>
      <line num="57" count="0" type="cond" truecount="0" falsecount="1"/>
      <line num="58" count="0" type="stmt"/>
      <line num="62" count="0" type="stmt"/>
      <line num="72" count="1" type="stmt"/>
      <line num="79" count="0" type="stmt"/>
      <line num="86" count="1" type="stmt"/>
      <line num="91" count="0" type="stmt"/>
      <line num="95" count="0" type="stmt"/>
    </file>
    <file name="traceReplay.ts" path="C:\Users\babaei\Desktop\Research\Ai4SE4AI\RATEN-ra4xstate\packages\xstate-raten\src\traceReplay.ts">
      <metrics statements="41" coveredstatements="33" conditionals="23" coveredconditionals="16" methods="14" coveredmethods="11"/>
      <line num="9" count="1" type="stmt"/>
      <line num="14" count="1" type="stmt"/>
      <line num="15" count="2" type="stmt"/>
      <line num="17" count="1" type="stmt"/>
      <line num="18" count="2" type="stmt"/>
      <line num="21" count="1" type="stmt"/>
      <line num="22" count="1" type="stmt"/>
      <line num="25" count="1" type="stmt"/>
      <line num="26" count="0" type="stmt"/>
      <line num="29" count="1" type="stmt"/>
      <line num="30" count="0" type="stmt"/>
      <line num="33" count="1" type="stmt"/>
      <line num="34" count="0" type="stmt"/>
      <line num="36" count="1" type="stmt"/>
      <line num="47" count="1" type="stmt"/>
      <line num="54" count="1" type="stmt"/>
      <line num="55" count="5" type="cond" truecount="2" falsecount="0"/>
      <line num="59" count="1" type="cond" truecount="1" falsecount="0"/>
      <line num="61" count="1" type="stmt"/>
      <line num="65" count="0" type="stmt"/>
      <line num="67" count="0" type="stmt"/>
      <line num="79" count="1" type="stmt"/>
      <line num="86" count="1" type="cond" truecount="4" falsecount="7"/>
      <line num="89" count="1" type="stmt"/>
      <line num="90" count="3" type="cond" truecount="2" falsecount="0"/>
      <line num="94" count="1" type="cond" truecount="1" falsecount="0"/>
      <line num="96" count="1" type="stmt"/>
      <line num="100" count="0" type="stmt"/>
      <line num="102" count="0" type="stmt"/>
      <line num="109" count="2" type="cond" truecount="3" falsecount="0"/>
      <line num="110" count="2" type="stmt"/>
      <line num="112" count="0" type="stmt"/>
      <line num="118" count="1" type="stmt"/>
      <line num="119" count="1" type="stmt"/>
      <line num="120" count="1" type="cond" truecount="2" falsecount="0"/>
      <line num="124" count="1" type="cond" truecount="1" falsecount="0"/>
      <line num="125" count="1" type="stmt"/>
      <line num="132" count="1" type="stmt"/>
      <line num="133" count="2" type="stmt"/>
      <line num="134" count="2" type="stmt"/>
      <line num="135" count="2" type="stmt"/>
    </file>
    <file name="utils.ts" path="C:\Users\babaei\Desktop\Research\Ai4SE4AI\RATEN-ra4xstate\packages\xstate-raten\src\utils.ts">
      <metrics statements="74" coveredstatements="52" conditionals="55" coveredconditionals="28" methods="14" coveredmethods="9"/>
      <line num="11" count="3" type="stmt"/>
      <line num="14" count="47" type="cond" truecount="1" falsecount="0"/>
      <line num="17" count="45" type="cond" truecount="1" falsecount="1"/>
      <line num="18" count="45" type="cond" truecount="1" falsecount="0"/>
      <line num="19" count="28" type="stmt"/>
      <line num="23" count="17" type="stmt"/>
      <line num="24" count="17" type="cond" truecount="1" falsecount="0"/>
      <line num="26" count="16" type="stmt"/>
      <line num="27" count="16" type="cond" truecount="2" falsecount="1"/>
      <line num="28" count="0" type="stmt"/>
      <line num="33" count="17" type="stmt"/>
      <line num="39" count="3" type="stmt"/>
      <line num="42" count="47" type="cond" truecount="1" falsecount="0"/>
      <line num="45" count="45" type="cond" truecount="1" falsecount="1"/>
      <line num="46" count="45" type="cond" truecount="1" falsecount="0"/>
      <line num="47" count="16" type="stmt"/>
      <line num="51" count="29" type="stmt"/>
      <line num="52" count="29" type="cond" truecount="1" falsecount="0"/>
      <line num="54" count="28" type="stmt"/>
      <line num="55" count="28" type="cond" truecount="2" falsecount="1"/>
      <line num="56" count="0" type="stmt"/>
      <line num="61" count="29" type="stmt"/>
      <line num="67" count="3" type="stmt"/>
      <line num="71" count="46" type="stmt"/>
      <line num="72" count="46" type="cond" truecount="1" falsecount="0"/>
      <line num="73" count="46" type="cond" truecount="1" falsecount="1"/>
      <line num="77" count="0" type="stmt"/>
      <line num="78" count="0" type="cond" truecount="0" falsecount="2"/>
      <line num="80" count="2" type="stmt"/>
      <line num="87" count="3" type="stmt"/>
      <line num="88" count="0" type="cond" truecount="0" falsecount="1"/>
      <line num="89" count="0" type="stmt"/>
      <line num="93" count="0" type="stmt"/>
      <line num="94" count="0" type="cond" truecount="0" falsecount="1"/>
      <line num="95" count="0" type="stmt"/>
      <line num="96" count="0" type="cond" truecount="0" falsecount="2"/>
      <line num="97" count="0" type="cond" truecount="0" falsecount="2"/>
      <line num="98" count="0" type="cond" truecount="0" falsecount="1"/>
      <line num="99" count="0" type="cond" truecount="0" falsecount="2"/>
      <line num="103" count="0" type="stmt"/>
      <line num="105" count="0" type="cond" truecount="0" falsecount="2"/>
      <line num="111" count="3" type="stmt"/>
      <line num="116" count="0" type="stmt"/>
      <line num="117" count="0" type="stmt"/>
      <line num="118" count="0" type="stmt"/>
      <line num="119" count="0" type="cond" truecount="0" falsecount="2"/>
      <line num="126" count="3" type="stmt"/>
      <line num="127" count="0" type="cond" truecount="0" falsecount="3"/>
      <line num="128" count="0" type="stmt"/>
      <line num="131" count="0" type="stmt"/>
      <line num="137" count="3" type="stmt"/>
      <line num="139" count="2" type="cond" truecount="1" falsecount="0"/>
      <line num="141" count="1" type="stmt"/>
      <line num="144" count="3" type="cond" truecount="1" falsecount="1"/>
      <line num="145" count="3" type="cond" truecount="3" falsecount="0"/>
      <line num="147" count="1" type="cond" truecount="1" falsecount="1"/>
      <line num="150" count="3" type="cond" truecount="1" falsecount="0"/>
      <line num="151" count="3" type="stmt"/>
      <line num="152" count="3" type="stmt"/>
      <line num="153" count="2" type="stmt"/>
      <line num="158" count="1" type="stmt"/>
      <line num="159" count="1" type="stmt"/>
      <line num="165" count="3" type="stmt"/>
      <line num="167" count="2" type="cond" truecount="1" falsecount="0"/>
      <line num="169" count="1" type="stmt"/>
      <line num="172" count="3" type="cond" truecount="1" falsecount="1"/>
      <line num="173" count="3" type="cond" truecount="3" falsecount="0"/>
      <line num="175" count="1" type="cond" truecount="1" falsecount="1"/>
      <line num="178" count="3" type="cond" truecount="1" falsecount="0"/>
      <line num="179" count="3" type="stmt"/>
      <line num="180" count="3" type="stmt"/>
      <line num="181" count="2" type="stmt"/>
      <line num="186" count="1" type="stmt"/>
      <line num="187" count="1" type="stmt"/>
    </file>
  </project>
</coverage>
