{"C:\\Users\\babaei\\Desktop\\Research\\Ai4SE4AI\\RATEN-ra4xstate\\packages\\xstate-raten\\src\\btCost.ts": {"path":"C:\\Users\\babaei\\Desktop\\Research\\Ai4SE4AI\\RATEN-ra4xstate\\packages\\xstate-raten\\src\\btCost.ts","statementMap":{"0":{"start":{"line":8,"column":0},"end":{"line":8,"column":50}},"1":{"start":{"line":9,"column":0},"end":{"line":9,"column":40}},"2":{"start":{"line":10,"column":0},"end":{"line":10,"column":43}},"3":{"start":{"line":15,"column":17},"end":{"line":15,"column":27}},"4":{"start":{"line":51,"column":15},"end":{"line":51,"column":23}},"5":{"start":{"line":54,"column":16},"end":{"line":54,"column":32}},"6":{"start":{"line":55,"column":21},"end":{"line":55,"column":39}},"7":{"start":{"line":57,"column":2},"end":{"line":60,"column":null}},"8":{"start":{"line":59,"column":4},"end":{"line":59,"column":20}},"9":{"start":{"line":63,"column":18},"end":{"line":63,"column":67}},"10":{"start":{"line":65,"column":2},"end":{"line":68,"column":null}},"11":{"start":{"line":66,"column":4},"end":{"line":66,"column":47}},"12":{"start":{"line":67,"column":4},"end":{"line":67,"column":18}},"13":{"start":{"line":72,"column":18},"end":{"line":72,"column":66}},"14":{"start":{"line":74,"column":4},"end":{"line":85,"column":null}},"15":{"start":{"line":76,"column":26},"end":{"line":76,"column":82}},"16":{"start":{"line":76,"column":53},"end":{"line":76,"column":81}},"17":{"start":{"line":77,"column":27},"end":{"line":77,"column":92}},"18":{"start":{"line":77,"column":48},"end":{"line":77,"column":92}},"19":{"start":{"line":78,"column":22},"end":{"line":78,"column":41}},"20":{"start":{"line":80,"column":6},"end":{"line":80,"column":49}},"21":{"start":{"line":82,"column":6},"end":{"line":84,"column":null}},"22":{"start":{"line":83,"column":15},"end":{"line":83,"column":null}},"23":{"start":{"line":71,"column":2},"end":{"line":86,"column":null}},"24":{"start":{"line":71,"column":15},"end":{"line":71,"column":16}},"25":{"start":{"line":71,"column":11},"end":{"line":71,"column":15}},"26":{"start":{"line":88,"column":2},"end":{"line":88,"column":16}},"27":{"start":{"line":40,"column":0},"end":{"line":40,"column":16}},"28":{"start":{"line":101,"column":16},"end":{"line":101,"column":32}},"29":{"start":{"line":102,"column":19},"end":{"line":102,"column":51}},"30":{"start":{"line":105,"column":27},"end":{"line":105,"column":29}},"31":{"start":{"line":107,"column":2},"end":{"line":112,"column":null}},"32":{"start":{"line":107,"column":26},"end":{"line":107,"column":38}},"33":{"start":{"line":107,"column":36},"end":{"line":107,"column":38}},"34":{"start":{"line":107,"column":22},"end":{"line":107,"column":26}},"35":{"start":{"line":108,"column":17},"end":{"line":108,"column":86}},"36":{"start":{"line":109,"column":4},"end":{"line":111,"column":null}},"37":{"start":{"line":110,"column":6},"end":{"line":110,"column":26}},"38":{"start":{"line":114,"column":2},"end":{"line":116,"column":null}},"39":{"start":{"line":115,"column":4},"end":{"line":115,"column":16}},"40":{"start":{"line":119,"column":2},"end":{"line":121,"column":4}},"41":{"start":{"line":120,"column":4},"end":{"line":120,"column":null}},"42":{"start":{"line":135,"column":16},"end":{"line":135,"column":32}},"43":{"start":{"line":136,"column":19},"end":{"line":136,"column":51}},"44":{"start":{"line":137,"column":24},"end":{"line":137,"column":26}},"45":{"start":{"line":146,"column":29},"end":{"line":146,"column":70}},"46":{"start":{"line":147,"column":18},"end":{"line":147,"column":35}},"47":{"start":{"line":150,"column":20},"end":{"line":150,"column":34}},"48":{"start":{"line":152,"column":4},"end":{"line":154,"column":null}},"49":{"start":{"line":156,"column":21},"end":{"line":156,"column":56}},"50":{"start":{"line":157,"column":4},"end":{"line":159,"column":null}},"51":{"start":{"line":160,"column":4},"end":{"line":160,"column":26}},"52":{"start":{"line":163,"column":4},"end":{"line":171,"column":null}},"53":{"start":{"line":164,"column":25},"end":{"line":164,"column":58}},"54":{"start":{"line":165,"column":6},"end":{"line":170,"column":null}},"55":{"start":{"line":165,"column":32},"end":{"line":165,"column":67}},"56":{"start":{"line":166,"column":8},"end":{"line":169,"column":11}},"57":{"start":{"line":174,"column":22},"end":{"line":174,"column":52}},"58":{"start":{"line":175,"column":4},"end":{"line":182,"column":null}},"59":{"start":{"line":175,"column":23},"end":{"line":175,"column":34}},"60":{"start":{"line":175,"column":32},"end":{"line":175,"column":34}},"61":{"start":{"line":175,"column":19},"end":{"line":175,"column":23}},"62":{"start":{"line":176,"column":24},"end":{"line":176,"column":55}},"63":{"start":{"line":177,"column":6},"end":{"line":181,"column":9}},"64":{"start":{"line":149,"column":2},"end":{"line":183,"column":null}},"65":{"start":{"line":185,"column":2},"end":{"line":185,"column":15}},"66":{"start":{"line":203,"column":29},"end":{"line":203,"column":58}},"67":{"start":{"line":204,"column":18},"end":{"line":204,"column":35}},"68":{"start":{"line":206,"column":2},"end":{"line":231,"column":null}},"69":{"start":{"line":207,"column":20},"end":{"line":207,"column":34}},"70":{"start":{"line":209,"column":4},"end":{"line":214,"column":null}},"71":{"start":{"line":210,"column":6},"end":{"line":213,"column":8}},"72":{"start":{"line":216,"column":4},"end":{"line":218,"column":null}},"73":{"start":{"line":217,"column":6},"end":{"line":217,"column":15}},"74":{"start":{"line":219,"column":4},"end":{"line":219,"column":31}},"75":{"start":{"line":221,"column":22},"end":{"line":221,"column":52}},"76":{"start":{"line":222,"column":4},"end":{"line":230,"column":null}},"77":{"start":{"line":222,"column":23},"end":{"line":222,"column":34}},"78":{"start":{"line":222,"column":32},"end":{"line":222,"column":34}},"79":{"start":{"line":222,"column":19},"end":{"line":222,"column":23}},"80":{"start":{"line":223,"column":24},"end":{"line":223,"column":55}},"81":{"start":{"line":224,"column":6},"end":{"line":229,"column":null}},"82":{"start":{"line":225,"column":8},"end":{"line":228,"column":11}},"83":{"start":{"line":233,"column":2},"end":{"line":233,"column":14}},"84":{"start":{"line":240,"column":18},"end":{"line":240,"column":19}},"85":{"start":{"line":241,"column":21},"end":{"line":241,"column":26}},"86":{"start":{"line":243,"column":2},"end":{"line":251,"column":null}},"87":{"start":{"line":243,"column":21},"end":{"line":243,"column":33}},"88":{"start":{"line":243,"column":31},"end":{"line":243,"column":33}},"89":{"start":{"line":243,"column":17},"end":{"line":243,"column":21}},"90":{"start":{"line":244,"column":21},"end":{"line":244,"column":48}},"91":{"start":{"line":245,"column":4},"end":{"line":245,"column":26}},"92":{"start":{"line":247,"column":4},"end":{"line":250,"column":6}},"93":{"start":{"line":253,"column":2},"end":{"line":253,"column":19}},"94":{"start":{"line":260,"column":2},"end":{"line":262,"column":null}},"95":{"start":{"line":261,"column":4},"end":{"line":261,"column":17}},"96":{"start":{"line":263,"column":2},"end":{"line":263,"column":31}},"97":{"start":{"line":270,"column":2},"end":{"line":274,"column":null}},"98":{"start":{"line":271,"column":4},"end":{"line":271,"column":27}},"99":{"start":{"line":273,"column":4},"end":{"line":273,"column":15}},"100":{"start":{"line":281,"column":2},"end":{"line":283,"column":null}},"101":{"start":{"line":282,"column":4},"end":{"line":282,"column":29}},"102":{"start":{"line":284,"column":2},"end":{"line":284,"column":59}}},"fnMap":{"0":{"name":"computeBTCost","decl":{"start":{"line":40,"column":16},"end":{"line":40,"column":29}},"loc":{"start":{"line":49,"column":18},"end":{"line":89,"column":1}}},"1":{"name":"(anonymous_8)","decl":{"start":{"line":76,"column":48},"end":{"line":76,"column":49}},"loc":{"start":{"line":76,"column":49},"end":{"line":76,"column":68}}},"2":{"name":"(anonymous_9)","decl":{"start":{"line":77,"column":43},"end":{"line":77,"column":44}},"loc":{"start":{"line":77,"column":44},"end":{"line":77,"column":63}}},"3":{"name":"minCostPath","decl":{"start":{"line":94,"column":9},"end":{"line":94,"column":20}},"loc":{"start":{"line":98,"column":26},"end":{"line":122,"column":1}}},"4":{"name":"(anonymous_11)","decl":{"start":{"line":119,"column":25},"end":{"line":119,"column":26}},"loc":{"start":{"line":119,"column":35},"end":{"line":120,"column":8}}},"5":{"name":"BFSdPSM","decl":{"start":{"line":128,"column":9},"end":{"line":128,"column":16}},"loc":{"start":{"line":133,"column":26},"end":{"line":186,"column":1}}},"6":{"name":"(anonymous_14)","decl":{"start":{"line":165,"column":26},"end":{"line":165,"column":28}},"loc":{"start":{"line":165,"column":28},"end":{"line":165,"column":50}}},"7":{"name":"findPathToState","decl":{"start":{"line":191,"column":9},"end":{"line":191,"column":24}},"loc":{"start":{"line":195,"column":16},"end":{"line":234,"column":1}}},"8":{"name":"computePathCost","decl":{"start":{"line":239,"column":9},"end":{"line":239,"column":24}},"loc":{"start":{"line":239,"column":57},"end":{"line":254,"column":1}}},"9":{"name":"stateValueToString","decl":{"start":{"line":259,"column":9},"end":{"line":259,"column":27}},"loc":{"start":{"line":259,"column":45},"end":{"line":264,"column":1}}},"10":{"name":"stringToStateValue","decl":{"start":{"line":269,"column":9},"end":{"line":269,"column":27}},"loc":{"start":{"line":269,"column":39},"end":{"line":275,"column":1}}},"11":{"name":"compareStateValues","decl":{"start":{"line":280,"column":9},"end":{"line":280,"column":27}},"loc":{"start":{"line":280,"column":66},"end":{"line":285,"column":1}}}},"branchMap":{"0":{"loc":{"start":{"line":57,"column":2},"end":{"line":60,"column":null}},"type":"if","locations":[{"start":{"line":57,"column":2},"end":{"line":60,"column":null}}]},"1":{"loc":{"start":{"line":65,"column":2},"end":{"line":68,"column":null}},"type":"if","locations":[{"start":{"line":65,"column":2},"end":{"line":68,"column":null}}]},"2":{"loc":{"start":{"line":65,"column":6},"end":{"line":65,"column":60}},"type":"binary-expr","locations":[{"start":{"line":65,"column":6},"end":{"line":65,"column":13}},{"start":{"line":65,"column":17},"end":{"line":65,"column":60}}]},"3":{"loc":{"start":{"line":74,"column":4},"end":{"line":85,"column":null}},"type":"if","locations":[{"start":{"line":74,"column":4},"end":{"line":85,"column":null}}]},"4":{"loc":{"start":{"line":82,"column":6},"end":{"line":84,"column":null}},"type":"if","locations":[{"start":{"line":82,"column":6},"end":{"line":84,"column":null}}]},"5":{"loc":{"start":{"line":109,"column":4},"end":{"line":111,"column":null}},"type":"if","locations":[{"start":{"line":109,"column":4},"end":{"line":111,"column":null}}]},"6":{"loc":{"start":{"line":114,"column":2},"end":{"line":116,"column":null}},"type":"if","locations":[{"start":{"line":114,"column":2},"end":{"line":116,"column":null}}]},"7":{"loc":{"start":{"line":120,"column":4},"end":{"line":120,"column":37}},"type":"cond-expr","locations":[{"start":{"line":120,"column":27},"end":{"line":120,"column":31}},{"start":{"line":120,"column":34},"end":{"line":120,"column":37}}]},"8":{"loc":{"start":{"line":152,"column":4},"end":{"line":154,"column":null}},"type":"if","locations":[{"start":{"line":152,"column":4},"end":{"line":154,"column":null}}]},"9":{"loc":{"start":{"line":157,"column":4},"end":{"line":159,"column":null}},"type":"if","locations":[{"start":{"line":157,"column":4},"end":{"line":159,"column":null}}]},"10":{"loc":{"start":{"line":163,"column":4},"end":{"line":171,"column":null}},"type":"if","locations":[{"start":{"line":163,"column":4},"end":{"line":171,"column":null}}]},"11":{"loc":{"start":{"line":165,"column":6},"end":{"line":170,"column":null}},"type":"if","locations":[{"start":{"line":165,"column":6},"end":{"line":170,"column":null}}]},"12":{"loc":{"start":{"line":174,"column":22},"end":{"line":174,"column":52}},"type":"binary-expr","locations":[{"start":{"line":174,"column":22},"end":{"line":174,"column":46}},{"start":{"line":174,"column":50},"end":{"line":174,"column":52}}]},"13":{"loc":{"start":{"line":209,"column":4},"end":{"line":214,"column":null}},"type":"if","locations":[{"start":{"line":209,"column":4},"end":{"line":214,"column":null}}]},"14":{"loc":{"start":{"line":216,"column":4},"end":{"line":218,"column":null}},"type":"if","locations":[{"start":{"line":216,"column":4},"end":{"line":218,"column":null}}]},"15":{"loc":{"start":{"line":221,"column":22},"end":{"line":221,"column":52}},"type":"binary-expr","locations":[{"start":{"line":221,"column":22},"end":{"line":221,"column":46}},{"start":{"line":221,"column":50},"end":{"line":221,"column":52}}]},"16":{"loc":{"start":{"line":224,"column":6},"end":{"line":229,"column":null}},"type":"if","locations":[{"start":{"line":224,"column":6},"end":{"line":229,"column":null}}]},"17":{"loc":{"start":{"line":260,"column":2},"end":{"line":262,"column":null}},"type":"if","locations":[{"start":{"line":260,"column":2},"end":{"line":262,"column":null}}]},"18":{"loc":{"start":{"line":281,"column":2},"end":{"line":283,"column":null}},"type":"if","locations":[{"start":{"line":281,"column":2},"end":{"line":283,"column":null}}]},"19":{"loc":{"start":{"line":281,"column":6},"end":{"line":281,"column":62}},"type":"binary-expr","locations":[{"start":{"line":281,"column":6},"end":{"line":281,"column":32}},{"start":{"line":281,"column":36},"end":{"line":281,"column":62}}]}},"s":{"0":1,"1":1,"2":1,"3":1,"4":0,"5":0,"6":0,"7":0,"8":0,"9":0,"10":0,"11":0,"12":0,"13":0,"14":0,"15":0,"16":0,"17":0,"18":0,"19":0,"20":0,"21":0,"22":0,"23":0,"24":0,"25":0,"26":0,"27":1,"28":0,"29":0,"30":0,"31":0,"32":0,"33":0,"34":0,"35":0,"36":0,"37":0,"38":0,"39":0,"40":0,"41":0,"42":0,"43":0,"44":0,"45":0,"46":0,"47":0,"48":0,"49":0,"50":0,"51":0,"52":0,"53":0,"54":0,"55":0,"56":0,"57":0,"58":0,"59":0,"60":0,"61":0,"62":0,"63":0,"64":0,"65":0,"66":0,"67":0,"68":0,"69":0,"70":0,"71":0,"72":0,"73":0,"74":0,"75":0,"76":0,"77":0,"78":0,"79":0,"80":0,"81":0,"82":0,"83":0,"84":0,"85":0,"86":0,"87":0,"88":0,"89":0,"90":0,"91":0,"92":0,"93":0,"94":0,"95":0,"96":0,"97":0,"98":0,"99":0,"100":0,"101":0,"102":0},"f":{"0":0,"1":0,"2":0,"3":0,"4":0,"5":0,"6":0,"7":0,"8":0,"9":0,"10":0,"11":0},"b":{"0":[0],"1":[0],"2":[0,0],"3":[0],"4":[0],"5":[0],"6":[0],"7":[0,0],"8":[0],"9":[0],"10":[0],"11":[0],"12":[0,0],"13":[0],"14":[0],"15":[0,0],"16":[0],"17":[0],"18":[0],"19":[0,0]}}
,"C:\\Users\\babaei\\Desktop\\Research\\Ai4SE4AI\\RATEN-ra4xstate\\packages\\xstate-raten\\src\\configuration.ts": {"path":"C:\\Users\\babaei\\Desktop\\Research\\Ai4SE4AI\\RATEN-ra4xstate\\packages\\xstate-raten\\src\\configuration.ts","statementMap":{"0":{"start":{"line":15,"column":2},"end":{"line":19,"column":4}},"1":{"start":{"line":12,"column":0},"end":{"line":12,"column":16}},"2":{"start":{"line":32,"column":19},"end":{"line":32,"column":33}},"3":{"start":{"line":35,"column":16},"end":{"line":35,"column":39}},"4":{"start":{"line":36,"column":2},"end":{"line":49,"column":null}},"5":{"start":{"line":39,"column":4},"end":{"line":48,"column":null}},"6":{"start":{"line":39,"column":25},"end":{"line":39,"column":42}},"7":{"start":{"line":39,"column":40},"end":{"line":39,"column":42}},"8":{"start":{"line":39,"column":21},"end":{"line":39,"column":25}},"9":{"start":{"line":40,"column":6},"end":{"line":47,"column":null}},"10":{"start":{"line":42,"column":8},"end":{"line":46,"column":null}},"11":{"start":{"line":43,"column":10},"end":{"line":43,"column":74}},"12":{"start":{"line":44,"column":15},"end":{"line":46,"column":null}},"13":{"start":{"line":45,"column":10},"end":{"line":45,"column":59}},"14":{"start":{"line":51,"column":2},"end":{"line":56,"column":4}},"15":{"start":{"line":30,"column":0},"end":{"line":30,"column":16}},"16":{"start":{"line":67,"column":2},"end":{"line":71,"column":4}},"17":{"start":{"line":62,"column":0},"end":{"line":62,"column":16}}},"fnMap":{"0":{"name":"createInitialConfiguration","decl":{"start":{"line":12,"column":16},"end":{"line":12,"column":42}},"loc":{"start":{"line":13,"column":38},"end":{"line":20,"column":1}}},"1":{"name":"replay","decl":{"start":{"line":30,"column":16},"end":{"line":30,"column":22}},"loc":{"start":{"line":30,"column":60},"end":{"line":57,"column":1}}},"2":{"name":"createConfigurationFromState","decl":{"start":{"line":62,"column":16},"end":{"line":62,"column":44}},"loc":{"start":{"line":65,"column":15},"end":{"line":72,"column":1}}}},"branchMap":{"0":{"loc":{"start":{"line":17,"column":13},"end":{"line":17,"column":34}},"type":"binary-expr","locations":[{"start":{"line":17,"column":13},"end":{"line":17,"column":28}},{"start":{"line":17,"column":32},"end":{"line":17,"column":34}}]},"1":{"loc":{"start":{"line":36,"column":2},"end":{"line":49,"column":null}},"type":"if","locations":[{"start":{"line":36,"column":2},"end":{"line":49,"column":null}}]},"2":{"loc":{"start":{"line":36,"column":6},"end":{"line":36,"column":51}},"type":"binary-expr","locations":[{"start":{"line":36,"column":6},"end":{"line":36,"column":21}},{"start":{"line":36,"column":25},"end":{"line":36,"column":51}}]},"3":{"loc":{"start":{"line":40,"column":6},"end":{"line":47,"column":null}},"type":"if","locations":[{"start":{"line":40,"column":6},"end":{"line":47,"column":null}}]},"4":{"loc":{"start":{"line":40,"column":10},"end":{"line":40,"column":68}},"type":"binary-expr","locations":[{"start":{"line":40,"column":10},"end":{"line":40,"column":16}},{"start":{"line":40,"column":20},"end":{"line":40,"column":46}},{"start":{"line":40,"column":50},"end":{"line":40,"column":68}}]},"5":{"loc":{"start":{"line":42,"column":8},"end":{"line":46,"column":null}},"type":"if","locations":[{"start":{"line":42,"column":8},"end":{"line":46,"column":null}},{"start":{"line":44,"column":15},"end":{"line":46,"column":null}}]},"6":{"loc":{"start":{"line":44,"column":15},"end":{"line":46,"column":null}},"type":"if","locations":[{"start":{"line":44,"column":15},"end":{"line":46,"column":null}}]},"7":{"loc":{"start":{"line":69,"column":13},"end":{"line":69,"column":45}},"type":"binary-expr","locations":[{"start":{"line":69,"column":13},"end":{"line":69,"column":20}},{"start":{"line":69,"column":24},"end":{"line":69,"column":39}},{"start":{"line":69,"column":43},"end":{"line":69,"column":45}}]}},"s":{"0":4,"1":1,"2":0,"3":0,"4":0,"5":0,"6":0,"7":0,"8":0,"9":0,"10":0,"11":0,"12":0,"13":0,"14":0,"15":1,"16":0,"17":1},"f":{"0":4,"1":0,"2":0},"b":{"0":[4,4],"1":[0],"2":[0,0],"3":[0],"4":[0,0,0],"5":[0,0],"6":[0],"7":[0,0,0]}}
,"C:\\Users\\babaei\\Desktop\\Research\\Ai4SE4AI\\RATEN-ra4xstate\\packages\\xstate-raten\\src\\costComputation.ts": {"path":"C:\\Users\\babaei\\Desktop\\Research\\Ai4SE4AI\\RATEN-ra4xstate\\packages\\xstate-raten\\src\\costComputation.ts","statementMap":{"0":{"start":{"line":9,"column":0},"end":{"line":9,"column":69}},"1":{"start":{"line":10,"column":0},"end":{"line":10,"column":104}},"2":{"start":{"line":11,"column":0},"end":{"line":11,"column":41}},"3":{"start":{"line":12,"column":0},"end":{"line":12,"column":43}},"4":{"start":{"line":13,"column":0},"end":{"line":13,"column":36}},"5":{"start":{"line":40,"column":16},"end":{"line":40,"column":47}},"6":{"start":{"line":41,"column":16},"end":{"line":41,"column":47}},"7":{"start":{"line":44,"column":15},"end":{"line":44,"column":16}},"8":{"start":{"line":45,"column":15},"end":{"line":45,"column":16}},"9":{"start":{"line":46,"column":15},"end":{"line":46,"column":16}},"10":{"start":{"line":49,"column":12},"end":{"line":49,"column":36}},"11":{"start":{"line":52,"column":29},"end":{"line":52,"column":35}},"12":{"start":{"line":55,"column":16},"end":{"line":55,"column":30}},"13":{"start":{"line":57,"column":44},"end":{"line":57,"column":46}},"14":{"start":{"line":58,"column":19},"end":{"line":58,"column":20}},"15":{"start":{"line":61,"column":2},"end":{"line":155,"column":null}},"16":{"start":{"line":63,"column":18},"end":{"line":63,"column":29}},"17":{"start":{"line":64,"column":16},"end":{"line":64,"column":27}},"18":{"start":{"line":67,"column":46},"end":{"line":67,"column":85}},"19":{"start":{"line":67,"column":25},"end":{"line":67,"column":34}},"20":{"start":{"line":67,"column":41},"end":{"line":67,"column":46}},"21":{"start":{"line":68,"column":46},"end":{"line":72,"column":null}},"22":{"start":{"line":68,"column":25},"end":{"line":68,"column":34}},"23":{"start":{"line":68,"column":41},"end":{"line":68,"column":46}},"24":{"start":{"line":76,"column":4},"end":{"line":81,"column":null}},"25":{"start":{"line":78,"column":6},"end":{"line":78,"column":43}},"26":{"start":{"line":79,"column":6},"end":{"line":79,"column":19}},"27":{"start":{"line":80,"column":6},"end":{"line":80,"column":15}},"28":{"start":{"line":84,"column":24},"end":{"line":84,"column":37}},"29":{"start":{"line":85,"column":24},"end":{"line":85,"column":37}},"30":{"start":{"line":87,"column":4},"end":{"line":123,"column":null}},"31":{"start":{"line":89,"column":6},"end":{"line":89,"column":38}},"32":{"start":{"line":90,"column":6},"end":{"line":100,"column":8}},"33":{"start":{"line":101,"column":11},"end":{"line":123,"column":null}},"34":{"start":{"line":103,"column":6},"end":{"line":103,"column":17}},"35":{"start":{"line":104,"column":6},"end":{"line":104,"column":38}},"36":{"start":{"line":105,"column":11},"end":{"line":123,"column":null}},"37":{"start":{"line":107,"column":6},"end":{"line":107,"column":47}},"38":{"start":{"line":108,"column":6},"end":{"line":118,"column":8}},"39":{"start":{"line":121,"column":6},"end":{"line":121,"column":17}},"40":{"start":{"line":122,"column":6},"end":{"line":122,"column":17}},"41":{"start":{"line":126,"column":4},"end":{"line":126,"column":29}},"42":{"start":{"line":129,"column":4},"end":{"line":146,"column":null}},"43":{"start":{"line":131,"column":6},"end":{"line":136,"column":9}},"44":{"start":{"line":139,"column":6},"end":{"line":145,"column":8}},"45":{"start":{"line":149,"column":4},"end":{"line":149,"column":36}},"46":{"start":{"line":150,"column":4},"end":{"line":150,"column":36}},"47":{"start":{"line":153,"column":4},"end":{"line":153,"column":41}},"48":{"start":{"line":154,"column":4},"end":{"line":154,"column":17}},"49":{"start":{"line":158,"column":2},"end":{"line":164,"column":4}},"50":{"start":{"line":29,"column":0},"end":{"line":29,"column":16}}},"fnMap":{"0":{"name":"computeCost","decl":{"start":{"line":29,"column":16},"end":{"line":29,"column":27}},"loc":{"start":{"line":37,"column":18},"end":{"line":165,"column":1}}}},"branchMap":{"0":{"loc":{"start":{"line":69,"column":6},"end":{"line":69,"column":48}},"type":"binary-expr","locations":[{"start":{"line":69,"column":6},"end":{"line":69,"column":23}},{"start":{"line":69,"column":27},"end":{"line":69,"column":48}}]},"1":{"loc":{"start":{"line":76,"column":4},"end":{"line":81,"column":null}},"type":"if","locations":[{"start":{"line":76,"column":4},"end":{"line":81,"column":null}}]},"2":{"loc":{"start":{"line":76,"column":8},"end":{"line":76,"column":22}},"type":"binary-expr","locations":[{"start":{"line":76,"column":8},"end":{"line":76,"column":13}},{"start":{"line":76,"column":17},"end":{"line":76,"column":22}}]},"3":{"loc":{"start":{"line":87,"column":4},"end":{"line":123,"column":null}},"type":"if","locations":[{"start":{"line":87,"column":4},"end":{"line":123,"column":null}},{"start":{"line":101,"column":11},"end":{"line":123,"column":null}}]},"4":{"loc":{"start":{"line":101,"column":11},"end":{"line":123,"column":null}},"type":"if","locations":[{"start":{"line":101,"column":11},"end":{"line":123,"column":null}},{"start":{"line":105,"column":11},"end":{"line":123,"column":null}}]},"5":{"loc":{"start":{"line":105,"column":11},"end":{"line":123,"column":null}},"type":"if","locations":[{"start":{"line":105,"column":11},"end":{"line":123,"column":null}},{"start":{"line":119,"column":11},"end":{"line":123,"column":null}}]},"6":{"loc":{"start":{"line":129,"column":4},"end":{"line":146,"column":null}},"type":"if","locations":[{"start":{"line":129,"column":4},"end":{"line":146,"column":null}}]}},"s":{"0":1,"1":1,"2":1,"3":1,"4":1,"5":2,"6":2,"7":2,"8":2,"9":2,"10":2,"11":8,"12":2,"13":2,"14":2,"15":2,"16":1,"17":1,"18":1,"19":1,"20":1,"21":1,"22":1,"23":1,"24":1,"25":1,"26":1,"27":1,"28":0,"29":0,"30":0,"31":0,"32":0,"33":0,"34":0,"35":0,"36":0,"37":0,"38":0,"39":0,"40":0,"41":0,"42":0,"43":0,"44":0,"45":0,"46":0,"47":0,"48":0,"49":2,"50":1},"f":{"0":2},"b":{"0":[1,1],"1":[1],"2":[1,0],"3":[0,0],"4":[0,0],"5":[0,0],"6":[0]}}
,"C:\\Users\\babaei\\Desktop\\Research\\Ai4SE4AI\\RATEN-ra4xstate\\packages\\xstate-raten\\src\\costExtraction.ts": {"path":"C:\\Users\\babaei\\Desktop\\Research\\Ai4SE4AI\\RATEN-ra4xstate\\packages\\xstate-raten\\src\\costExtraction.ts","statementMap":{"0":{"start":{"line":18,"column":26},"end":{"line":18,"column":62}},"1":{"start":{"line":19,"column":2},"end":{"line":21,"column":null}},"2":{"start":{"line":20,"column":4},"end":{"line":20,"column":27}},"3":{"start":{"line":24,"column":2},"end":{"line":26,"column":null}},"4":{"start":{"line":25,"column":4},"end":{"line":25,"column":21}},"5":{"start":{"line":29,"column":2},"end":{"line":29,"column":11}},"6":{"start":{"line":16,"column":0},"end":{"line":16,"column":16}},"7":{"start":{"line":40,"column":2},"end":{"line":42,"column":null}},"8":{"start":{"line":41,"column":4},"end":{"line":41,"column":16}},"9":{"start":{"line":44,"column":2},"end":{"line":84,"column":null}},"10":{"start":{"line":44,"column":23},"end":{"line":44,"column":32}},"11":{"start":{"line":44,"column":30},"end":{"line":44,"column":32}},"12":{"start":{"line":44,"column":19},"end":{"line":44,"column":23}},"13":{"start":{"line":46,"column":4},"end":{"line":48,"column":null}},"14":{"start":{"line":47,"column":6},"end":{"line":47,"column":38}},"15":{"start":{"line":51,"column":4},"end":{"line":63,"column":null}},"16":{"start":{"line":52,"column":22},"end":{"line":52,"column":41}},"17":{"start":{"line":53,"column":24},"end":{"line":53,"column":62}},"18":{"start":{"line":54,"column":6},"end":{"line":56,"column":null}},"19":{"start":{"line":55,"column":8},"end":{"line":55,"column":36}},"20":{"start":{"line":59,"column":25},"end":{"line":59,"column":70}},"21":{"start":{"line":60,"column":6},"end":{"line":62,"column":null}},"22":{"start":{"line":61,"column":8},"end":{"line":61,"column":37}},"23":{"start":{"line":66,"column":4},"end":{"line":71,"column":null}},"24":{"start":{"line":67,"column":23},"end":{"line":67,"column":67}},"25":{"start":{"line":68,"column":6},"end":{"line":70,"column":null}},"26":{"start":{"line":69,"column":8},"end":{"line":69,"column":35}},"27":{"start":{"line":74,"column":4},"end":{"line":83,"column":null}},"28":{"start":{"line":75,"column":6},"end":{"line":82,"column":null}},"29":{"start":{"line":76,"column":23},"end":{"line":76,"column":36}},"30":{"start":{"line":77,"column":8},"end":{"line":79,"column":null}},"31":{"start":{"line":78,"column":10},"end":{"line":78,"column":24}},"32":{"start":{"line":86,"column":2},"end":{"line":86,"column":14}}},"fnMap":{"0":{"name":"getCost","decl":{"start":{"line":16,"column":16},"end":{"line":16,"column":23}},"loc":{"start":{"line":16,"column":60},"end":{"line":30,"column":1}}},"1":{"name":"extractCostFromActions","decl":{"start":{"line":39,"column":9},"end":{"line":39,"column":31}},"loc":{"start":{"line":39,"column":46},"end":{"line":87,"column":1}}}},"branchMap":{"0":{"loc":{"start":{"line":19,"column":2},"end":{"line":21,"column":null}},"type":"if","locations":[{"start":{"line":19,"column":2},"end":{"line":21,"column":null}}]},"1":{"loc":{"start":{"line":24,"column":2},"end":{"line":26,"column":null}},"type":"if","locations":[{"start":{"line":24,"column":2},"end":{"line":26,"column":null}}]},"2":{"loc":{"start":{"line":40,"column":2},"end":{"line":42,"column":null}},"type":"if","locations":[{"start":{"line":40,"column":2},"end":{"line":42,"column":null}}]},"3":{"loc":{"start":{"line":40,"column":6},"end":{"line":40,"column":38}},"type":"binary-expr","locations":[{"start":{"line":40,"column":6},"end":{"line":40,"column":14}},{"start":{"line":40,"column":18},"end":{"line":40,"column":38}}]},"4":{"loc":{"start":{"line":46,"column":4},"end":{"line":48,"column":null}},"type":"if","locations":[{"start":{"line":46,"column":4},"end":{"line":48,"column":null}}]},"5":{"loc":{"start":{"line":46,"column":8},"end":{"line":46,"column":64}},"type":"binary-expr","locations":[{"start":{"line":46,"column":8},"end":{"line":46,"column":14}},{"start":{"line":46,"column":18},"end":{"line":46,"column":44}},{"start":{"line":46,"column":48},"end":{"line":46,"column":64}}]},"6":{"loc":{"start":{"line":47,"column":13},"end":{"line":47,"column":37}},"type":"binary-expr","locations":[{"start":{"line":47,"column":13},"end":{"line":47,"column":32}},{"start":{"line":47,"column":36},"end":{"line":47,"column":37}}]},"7":{"loc":{"start":{"line":51,"column":4},"end":{"line":63,"column":null}},"type":"if","locations":[{"start":{"line":51,"column":4},"end":{"line":63,"column":null}}]},"8":{"loc":{"start":{"line":51,"column":8},"end":{"line":51,"column":29}},"type":"binary-expr","locations":[{"start":{"line":51,"column":8},"end":{"line":51,"column":14}},{"start":{"line":51,"column":18},"end":{"line":51,"column":29}}]},"9":{"loc":{"start":{"line":54,"column":6},"end":{"line":56,"column":null}},"type":"if","locations":[{"start":{"line":54,"column":6},"end":{"line":56,"column":null}}]},"10":{"loc":{"start":{"line":60,"column":6},"end":{"line":62,"column":null}},"type":"if","locations":[{"start":{"line":60,"column":6},"end":{"line":62,"column":null}}]},"11":{"loc":{"start":{"line":66,"column":4},"end":{"line":71,"column":null}},"type":"if","locations":[{"start":{"line":66,"column":4},"end":{"line":71,"column":null}}]},"12":{"loc":{"start":{"line":68,"column":6},"end":{"line":70,"column":null}},"type":"if","locations":[{"start":{"line":68,"column":6},"end":{"line":70,"column":null}}]},"13":{"loc":{"start":{"line":74,"column":4},"end":{"line":83,"column":null}},"type":"if","locations":[{"start":{"line":74,"column":4},"end":{"line":83,"column":null}}]},"14":{"loc":{"start":{"line":74,"column":8},"end":{"line":74,"column":51}},"type":"binary-expr","locations":[{"start":{"line":74,"column":8},"end":{"line":74,"column":14}},{"start":{"line":74,"column":18},"end":{"line":74,"column":51}}]},"15":{"loc":{"start":{"line":77,"column":8},"end":{"line":79,"column":null}},"type":"if","locations":[{"start":{"line":77,"column":8},"end":{"line":79,"column":null}}]}},"s":{"0":0,"1":0,"2":0,"3":0,"4":0,"5":0,"6":1,"7":0,"8":0,"9":0,"10":0,"11":0,"12":0,"13":0,"14":0,"15":0,"16":0,"17":0,"18":0,"19":0,"20":0,"21":0,"22":0,"23":0,"24":0,"25":0,"26":0,"27":0,"28":0,"29":0,"30":0,"31":0,"32":0},"f":{"0":0,"1":0},"b":{"0":[0],"1":[0],"2":[0],"3":[0,0],"4":[0],"5":[0,0,0],"6":[0,0],"7":[0],"8":[0,0],"9":[0],"10":[0],"11":[0],"12":[0],"13":[0],"14":[0,0],"15":[0]}}
,"C:\\Users\\babaei\\Desktop\\Research\\Ai4SE4AI\\RATEN-ra4xstate\\packages\\xstate-raten\\src\\preprocessing.ts": {"path":"C:\\Users\\babaei\\Desktop\\Research\\Ai4SE4AI\\RATEN-ra4xstate\\packages\\xstate-raten\\src\\preprocessing.ts","statementMap":{"0":{"start":{"line":8,"column":0},"end":{"line":8,"column":38}},"1":{"start":{"line":9,"column":0},"end":{"line":9,"column":50}},"2":{"start":{"line":26,"column":2},"end":{"line":26,"column":null}},"3":{"start":{"line":27,"column":2},"end":{"line":27,"column":null}},"4":{"start":{"line":29,"column":23},"end":{"line":29,"column":25}},"5":{"start":{"line":30,"column":23},"end":{"line":30,"column":25}},"6":{"start":{"line":31,"column":23},"end":{"line":31,"column":25}},"7":{"start":{"line":32,"column":23},"end":{"line":32,"column":25}},"8":{"start":{"line":35,"column":22},"end":{"line":35,"column":36}},"9":{"start":{"line":38,"column":2},"end":{"line":61,"column":null}},"10":{"start":{"line":38,"column":18},"end":{"line":38,"column":31}},"11":{"start":{"line":38,"column":29},"end":{"line":38,"column":31}},"12":{"start":{"line":38,"column":14},"end":{"line":38,"column":18}},"13":{"start":{"line":39,"column":25},"end":{"line":39,"column":66}},"14":{"start":{"line":40,"column":24},"end":{"line":40,"column":63}},"15":{"start":{"line":41,"column":25},"end":{"line":41,"column":66}},"16":{"start":{"line":42,"column":24},"end":{"line":42,"column":63}},"17":{"start":{"line":44,"column":4},"end":{"line":60,"column":null}},"18":{"start":{"line":46,"column":6},"end":{"line":46,"column":17}},"19":{"start":{"line":47,"column":11},"end":{"line":60,"column":null}},"20":{"start":{"line":49,"column":6},"end":{"line":49,"column":17}},"21":{"start":{"line":50,"column":11},"end":{"line":60,"column":null}},"22":{"start":{"line":52,"column":6},"end":{"line":52,"column":17}},"23":{"start":{"line":53,"column":11},"end":{"line":60,"column":null}},"24":{"start":{"line":55,"column":6},"end":{"line":55,"column":17}},"25":{"start":{"line":59,"column":6},"end":{"line":59,"column":17}},"26":{"start":{"line":63,"column":2},"end":{"line":63,"column":28}},"27":{"start":{"line":24,"column":0},"end":{"line":24,"column":16}}},"fnMap":{"0":{"name":"preProcessPSM","decl":{"start":{"line":24,"column":16},"end":{"line":24,"column":29}},"loc":{"start":{"line":27,"column":34},"end":{"line":64,"column":1}}}},"branchMap":{"0":{"loc":{"start":{"line":26,"column":2},"end":{"line":26,"column":null}},"type":"if","locations":[{"start":{"line":26,"column":2},"end":{"line":26,"column":null}}]},"1":{"loc":{"start":{"line":27,"column":2},"end":{"line":27,"column":null}},"type":"if","locations":[{"start":{"line":27,"column":2},"end":{"line":27,"column":null}}]},"2":{"loc":{"start":{"line":44,"column":4},"end":{"line":60,"column":null}},"type":"if","locations":[{"start":{"line":44,"column":4},"end":{"line":60,"column":null}},{"start":{"line":47,"column":11},"end":{"line":60,"column":null}}]},"3":{"loc":{"start":{"line":44,"column":8},"end":{"line":44,"column":36}},"type":"binary-expr","locations":[{"start":{"line":44,"column":8},"end":{"line":44,"column":20}},{"start":{"line":44,"column":24},"end":{"line":44,"column":36}}]},"4":{"loc":{"start":{"line":47,"column":11},"end":{"line":60,"column":null}},"type":"if","locations":[{"start":{"line":47,"column":11},"end":{"line":60,"column":null}},{"start":{"line":50,"column":11},"end":{"line":60,"column":null}}]},"5":{"loc":{"start":{"line":47,"column":15},"end":{"line":47,"column":42}},"type":"binary-expr","locations":[{"start":{"line":47,"column":15},"end":{"line":47,"column":27}},{"start":{"line":47,"column":31},"end":{"line":47,"column":42}}]},"6":{"loc":{"start":{"line":50,"column":11},"end":{"line":60,"column":null}},"type":"if","locations":[{"start":{"line":50,"column":11},"end":{"line":60,"column":null}},{"start":{"line":53,"column":11},"end":{"line":60,"column":null}}]},"7":{"loc":{"start":{"line":50,"column":15},"end":{"line":50,"column":42}},"type":"binary-expr","locations":[{"start":{"line":50,"column":15},"end":{"line":50,"column":26}},{"start":{"line":50,"column":30},"end":{"line":50,"column":42}}]},"8":{"loc":{"start":{"line":53,"column":11},"end":{"line":60,"column":null}},"type":"if","locations":[{"start":{"line":53,"column":11},"end":{"line":60,"column":null}},{"start":{"line":56,"column":11},"end":{"line":60,"column":null}}]},"9":{"loc":{"start":{"line":53,"column":15},"end":{"line":53,"column":41}},"type":"binary-expr","locations":[{"start":{"line":53,"column":15},"end":{"line":53,"column":26}},{"start":{"line":53,"column":30},"end":{"line":53,"column":41}}]}},"s":{"0":2,"1":2,"2":9,"3":9,"4":7,"5":7,"6":7,"7":7,"8":7,"9":7,"10":7,"11":7,"12":20,"13":20,"14":20,"15":20,"16":20,"17":20,"18":7,"19":13,"20":6,"21":7,"22":6,"23":1,"24":1,"25":0,"26":7,"27":2},"f":{"0":7},"b":{"0":[2],"1":[2],"2":[7,13],"3":[20,13],"4":[6,7],"5":[13,6],"6":[6,1],"7":[7,7],"8":[1,0],"9":[1,1]}}
,"C:\\Users\\babaei\\Desktop\\Research\\Ai4SE4AI\\RATEN-ra4xstate\\packages\\xstate-raten\\src\\raten.ts": {"path":"C:\\Users\\babaei\\Desktop\\Research\\Ai4SE4AI\\RATEN-ra4xstate\\packages\\xstate-raten\\src\\raten.ts","statementMap":{"0":{"start":{"line":8,"column":0},"end":{"line":8,"column":48}},"1":{"start":{"line":9,"column":0},"end":{"line":9,"column":38}},"2":{"start":{"line":10,"column":0},"end":{"line":10,"column":48}},"3":{"start":{"line":11,"column":0},"end":{"line":11,"column":55}},"4":{"start":{"line":16,"column":0},"end":{"line":16,"column":13}},"5":{"start":{"line":34,"column":4},"end":{"line":34,"column":null}},"6":{"start":{"line":36,"column":4},"end":{"line":36,"column":19}},"7":{"start":{"line":37,"column":4},"end":{"line":37,"column":19}},"8":{"start":{"line":40,"column":4},"end":{"line":46,"column":6}},"9":{"start":{"line":49,"column":4},"end":{"line":49,"column":36}},"10":{"start":{"line":50,"column":4},"end":{"line":50,"column":36}},"11":{"start":{"line":53,"column":4},"end":{"line":57,"column":6}},"12":{"start":{"line":67,"column":2},"end":{"line":78,"column":null}},"13":{"start":{"line":68,"column":4},"end":{"line":77,"column":6}},"14":{"start":{"line":89,"column":2},"end":{"line":108,"column":null}},"15":{"start":{"line":89,"column":2},"end":{"line":89,"column":17}},"16":{"start":{"line":95,"column":20},"end":{"line":99,"column":7}},"17":{"start":{"line":95,"column":65},"end":{"line":99,"column":7}},"18":{"start":{"line":101,"column":4},"end":{"line":107,"column":6}},"19":{"start":{"line":113,"column":2},"end":{"line":115,"column":null}},"20":{"start":{"line":114,"column":4},"end":{"line":114,"column":22}},"21":{"start":{"line":120,"column":2},"end":{"line":122,"column":null}},"22":{"start":{"line":121,"column":4},"end":{"line":121,"column":21}},"23":{"start":{"line":127,"column":2},"end":{"line":129,"column":null}},"24":{"start":{"line":128,"column":4},"end":{"line":128,"column":21}},"25":{"start":{"line":130,"column":0},"end":{"line":130,"column":null}},"26":{"start":{"line":16,"column":13},"end":{"line":16,"column":18}}},"fnMap":{"0":{"name":"(anonymous_0)","decl":{"start":{"line":16,"column":0},"end":{"line":16,"column":13}},"loc":{"start":{"line":16,"column":0},"end":{"line":130,"column":null}}},"1":{"name":"RATEN","decl":{"start":{"line":31,"column":2},"end":{"line":31,"column":null}},"loc":{"start":{"line":34,"column":28},"end":{"line":58,"column":3}}},"2":{"name":"(anonymous_2)","decl":{"start":{"line":67,"column":2},"end":{"line":67,"column":9}},"loc":{"start":{"line":67,"column":25},"end":{"line":78,"column":3}}},"3":{"name":"(anonymous_3)","decl":{"start":{"line":89,"column":2},"end":{"line":89,"column":17}},"loc":{"start":{"line":92,"column":68},"end":{"line":108,"column":3}}},"4":{"name":"(anonymous_4)","decl":{"start":{"line":95,"column":42},"end":{"line":95,"column":43}},"loc":{"start":{"line":95,"column":60},"end":{"line":95,"column":66}}},"5":{"name":"(anonymous_5)","decl":{"start":{"line":113,"column":2},"end":{"line":113,"column":20}},"loc":{"start":{"line":113,"column":2},"end":{"line":115,"column":3}}},"6":{"name":"(anonymous_6)","decl":{"start":{"line":120,"column":2},"end":{"line":120,"column":15}},"loc":{"start":{"line":120,"column":2},"end":{"line":122,"column":3}}},"7":{"name":"(anonymous_7)","decl":{"start":{"line":127,"column":2},"end":{"line":127,"column":15}},"loc":{"start":{"line":127,"column":2},"end":{"line":129,"column":3}}}},"branchMap":{"0":{"loc":{"start":{"line":34,"column":4},"end":{"line":34,"column":null}},"type":"if","locations":[{"start":{"line":34,"column":4},"end":{"line":34,"column":null}}]},"1":{"loc":{"start":{"line":41,"column":14},"end":{"line":41,"column":33}},"type":"cond-expr","locations":[{"start":{"line":41,"column":27},"end":{"line":41,"column":31}},{"start":{"line":41,"column":31},"end":{"line":41,"column":33}}]},"2":{"loc":{"start":{"line":41,"column":14},"end":{"line":41,"column":31}},"type":"binary-expr","locations":[{"start":{"line":41,"column":14},"end":{"line":41,"column":31}},{"start":{"line":41,"column":27},"end":{"line":41,"column":31}}]},"3":{"loc":{"start":{"line":42,"column":16},"end":{"line":42,"column":36}},"type":"cond-expr","locations":[{"start":{"line":42,"column":31},"end":{"line":42,"column":35}},{"start":{"line":42,"column":35},"end":{"line":42,"column":36}}]},"4":{"loc":{"start":{"line":42,"column":16},"end":{"line":42,"column":35}},"type":"binary-expr","locations":[{"start":{"line":42,"column":16},"end":{"line":42,"column":35}},{"start":{"line":42,"column":31},"end":{"line":42,"column":35}}]},"5":{"loc":{"start":{"line":43,"column":21},"end":{"line":43,"column":53}},"type":"cond-expr","locations":[{"start":{"line":43,"column":41},"end":{"line":43,"column":45}},{"start":{"line":43,"column":45},"end":{"line":43,"column":53}}]},"6":{"loc":{"start":{"line":43,"column":21},"end":{"line":43,"column":45}},"type":"binary-expr","locations":[{"start":{"line":43,"column":21},"end":{"line":43,"column":45}},{"start":{"line":43,"column":41},"end":{"line":43,"column":45}}]},"7":{"loc":{"start":{"line":44,"column":20},"end":{"line":44,"column":50}},"type":"cond-expr","locations":[{"start":{"line":44,"column":39},"end":{"line":44,"column":43}},{"start":{"line":44,"column":43},"end":{"line":44,"column":50}}]},"8":{"loc":{"start":{"line":44,"column":20},"end":{"line":44,"column":43}},"type":"binary-expr","locations":[{"start":{"line":44,"column":20},"end":{"line":44,"column":43}},{"start":{"line":44,"column":39},"end":{"line":44,"column":43}}]},"9":{"loc":{"start":{"line":95,"column":20},"end":{"line":99,"column":7}},"type":"binary-expr","locations":[{"start":{"line":95,"column":20},"end":{"line":95,"column":37}},{"start":{"line":95,"column":42},"end":{"line":95,"column":66}}]}},"s":{"0":1,"1":1,"2":1,"3":1,"4":1,"5":9,"6":5,"7":5,"8":5,"9":5,"10":5,"11":5,"12":1,"13":2,"14":1,"15":0,"16":0,"17":0,"18":0,"19":1,"20":1,"21":1,"22":1,"23":1,"24":1,"25":1,"26":1},"f":{"0":1,"1":5,"2":2,"3":0,"4":0,"5":1,"6":1,"7":1},"b":{"0":[4],"1":[1,4],"2":[5,5],"3":[0,5],"4":[5,5],"5":[0,5],"6":[5,5],"7":[0,5],"8":[5,5],"9":[0,0]}}
,"C:\\Users\\babaei\\Desktop\\Research\\Ai4SE4AI\\RATEN-ra4xstate\\packages\\xstate-raten\\src\\rcSteps.ts": {"path":"C:\\Users\\babaei\\Desktop\\Research\\Ai4SE4AI\\RATEN-ra4xstate\\packages\\xstate-raten\\src\\rcSteps.ts","statementMap":{"0":{"start":{"line":14,"column":28},"end":{"line":14,"column":30}},"1":{"start":{"line":15,"column":18},"end":{"line":15,"column":35}},"2":{"start":{"line":18,"column":19},"end":{"line":18,"column":26}},"3":{"start":{"line":20,"column":4},"end":{"line":22,"column":null}},"4":{"start":{"line":21,"column":6},"end":{"line":21,"column":13}},"5":{"start":{"line":23,"column":4},"end":{"line":23,"column":24}},"6":{"start":{"line":26,"column":4},"end":{"line":52,"column":null}},"7":{"start":{"line":27,"column":6},"end":{"line":51,"column":null}},"8":{"start":{"line":27,"column":31},"end":{"line":27,"column":49}},"9":{"start":{"line":27,"column":47},"end":{"line":27,"column":49}},"10":{"start":{"line":27,"column":27},"end":{"line":27,"column":31}},"11":{"start":{"line":28,"column":8},"end":{"line":50,"column":null}},"12":{"start":{"line":30,"column":29},"end":{"line":30,"column":54}},"13":{"start":{"line":31,"column":27},"end":{"line":31,"column":50}},"14":{"start":{"line":34,"column":10},"end":{"line":49,"column":null}},"15":{"start":{"line":34,"column":35},"end":{"line":34,"column":54}},"16":{"start":{"line":34,"column":52},"end":{"line":34,"column":54}},"17":{"start":{"line":34,"column":31},"end":{"line":34,"column":35}},"18":{"start":{"line":35,"column":29},"end":{"line":37,"column":49}},"19":{"start":{"line":39,"column":12},"end":{"line":48,"column":null}},"20":{"start":{"line":40,"column":37},"end":{"line":45,"column":16}},"21":{"start":{"line":47,"column":14},"end":{"line":47,"column":35}},"22":{"start":{"line":55,"column":4},"end":{"line":60,"column":null}},"23":{"start":{"line":56,"column":26},"end":{"line":56,"column":79}},"24":{"start":{"line":56,"column":62},"end":{"line":56,"column":79}},"25":{"start":{"line":57,"column":6},"end":{"line":59,"column":null}},"26":{"start":{"line":57,"column":26},"end":{"line":57,"column":39}},"27":{"start":{"line":57,"column":37},"end":{"line":57,"column":39}},"28":{"start":{"line":57,"column":22},"end":{"line":57,"column":26}},"29":{"start":{"line":58,"column":8},"end":{"line":58,"column":24}},"30":{"start":{"line":63,"column":2},"end":{"line":63,"column":20}},"31":{"start":{"line":64,"column":2},"end":{"line":64,"column":17}},"32":{"start":{"line":13,"column":0},"end":{"line":13,"column":16}},"33":{"start":{"line":71,"column":16},"end":{"line":71,"column":43}},"34":{"start":{"line":73,"column":2},"end":{"line":79,"column":null}},"35":{"start":{"line":73,"column":21},"end":{"line":73,"column":30}},"36":{"start":{"line":73,"column":28},"end":{"line":73,"column":30}},"37":{"start":{"line":73,"column":17},"end":{"line":73,"column":21}},"38":{"start":{"line":74,"column":22},"end":{"line":74,"column":53}},"39":{"start":{"line":75,"column":4},"end":{"line":77,"column":null}},"40":{"start":{"line":76,"column":6},"end":{"line":76,"column":31}},"41":{"start":{"line":78,"column":4},"end":{"line":78,"column":37}},"42":{"start":{"line":81,"column":2},"end":{"line":81,"column":15}},"43":{"start":{"line":70,"column":0},"end":{"line":70,"column":16}},"44":{"start":{"line":88,"column":2},"end":{"line":90,"column":null}},"45":{"start":{"line":89,"column":4},"end":{"line":89,"column":17}},"46":{"start":{"line":91,"column":2},"end":{"line":91,"column":31}}},"fnMap":{"0":{"name":"extractRC","decl":{"start":{"line":13,"column":16},"end":{"line":13,"column":25}},"loc":{"start":{"line":13,"column":62},"end":{"line":65,"column":1}}},"1":{"name":"traverse","decl":{"start":{"line":17,"column":11},"end":{"line":17,"column":19}},"loc":{"start":{"line":17,"column":29},"end":{"line":61,"column":3}}},"2":{"name":"(anonymous_4)","decl":{"start":{"line":56,"column":55},"end":{"line":56,"column":58}},"loc":{"start":{"line":56,"column":58},"end":{"line":56,"column":66}}},"3":{"name":"buildGraph","decl":{"start":{"line":70,"column":16},"end":{"line":70,"column":26}},"loc":{"start":{"line":70,"column":44},"end":{"line":82,"column":1}}},"4":{"name":"stateValueToString","decl":{"start":{"line":87,"column":9},"end":{"line":87,"column":27}},"loc":{"start":{"line":87,"column":45},"end":{"line":92,"column":1}}}},"branchMap":{"0":{"loc":{"start":{"line":20,"column":4},"end":{"line":22,"column":null}},"type":"if","locations":[{"start":{"line":20,"column":4},"end":{"line":22,"column":null}}]},"1":{"loc":{"start":{"line":26,"column":4},"end":{"line":52,"column":null}},"type":"if","locations":[{"start":{"line":26,"column":4},"end":{"line":52,"column":null}}]},"2":{"loc":{"start":{"line":26,"column":8},"end":{"line":26,"column":59}},"type":"binary-expr","locations":[{"start":{"line":26,"column":8},"end":{"line":26,"column":24}},{"start":{"line":26,"column":28},"end":{"line":26,"column":59}}]},"3":{"loc":{"start":{"line":28,"column":8},"end":{"line":50,"column":null}},"type":"if","locations":[{"start":{"line":28,"column":8},"end":{"line":50,"column":null}}]},"4":{"loc":{"start":{"line":28,"column":12},"end":{"line":28,"column":61}},"type":"binary-expr","locations":[{"start":{"line":28,"column":12},"end":{"line":28,"column":29}},{"start":{"line":28,"column":33},"end":{"line":28,"column":61}}]},"5":{"loc":{"start":{"line":30,"column":29},"end":{"line":30,"column":54}},"type":"binary-expr","locations":[{"start":{"line":30,"column":29},"end":{"line":30,"column":46}},{"start":{"line":30,"column":50},"end":{"line":30,"column":54}}]},"6":{"loc":{"start":{"line":31,"column":27},"end":{"line":31,"column":50}},"type":"binary-expr","locations":[{"start":{"line":31,"column":27},"end":{"line":31,"column":40}},{"start":{"line":31,"column":44},"end":{"line":31,"column":50}}]},"7":{"loc":{"start":{"line":35,"column":29},"end":{"line":37,"column":49}},"type":"cond-expr","locations":[{"start":{"line":36,"column":16},"end":{"line":36,"column":26}},{"start":{"line":37,"column":17},"end":{"line":37,"column":48}}]},"8":{"loc":{"start":{"line":37,"column":17},"end":{"line":37,"column":48}},"type":"binary-expr","locations":[{"start":{"line":37,"column":17},"end":{"line":37,"column":30}},{"start":{"line":37,"column":34},"end":{"line":37,"column":48}}]},"9":{"loc":{"start":{"line":39,"column":12},"end":{"line":48,"column":null}},"type":"if","locations":[{"start":{"line":39,"column":12},"end":{"line":48,"column":null}}]},"10":{"loc":{"start":{"line":42,"column":23},"end":{"line":42,"column":69}},"type":"binary-expr","locations":[{"start":{"line":42,"column":23},"end":{"line":42,"column":43}},{"start":{"line":42,"column":47},"end":{"line":42,"column":63}},{"start":{"line":42,"column":67},"end":{"line":42,"column":69}}]},"11":{"loc":{"start":{"line":44,"column":25},"end":{"line":44,"column":49}},"type":"binary-expr","locations":[{"start":{"line":44,"column":25},"end":{"line":44,"column":43}},{"start":{"line":44,"column":47},"end":{"line":44,"column":49}}]},"12":{"loc":{"start":{"line":55,"column":4},"end":{"line":60,"column":null}},"type":"if","locations":[{"start":{"line":55,"column":4},"end":{"line":60,"column":null}}]},"13":{"loc":{"start":{"line":75,"column":4},"end":{"line":77,"column":null}},"type":"if","locations":[{"start":{"line":75,"column":4},"end":{"line":77,"column":null}}]},"14":{"loc":{"start":{"line":88,"column":2},"end":{"line":90,"column":null}},"type":"if","locations":[{"start":{"line":88,"column":2},"end":{"line":90,"column":null}}]}},"s":{"0":17,"1":17,"2":55,"3":55,"4":0,"5":55,"6":55,"7":55,"8":55,"9":55,"10":60,"11":60,"12":60,"13":60,"14":60,"15":60,"16":60,"17":60,"18":60,"19":60,"20":60,"21":60,"22":55,"23":55,"24":38,"25":55,"26":55,"27":55,"28":38,"29":38,"30":17,"31":17,"32":2,"33":0,"34":0,"35":0,"36":0,"37":0,"38":0,"39":0,"40":0,"41":0,"42":0,"43":2,"44":0,"45":0,"46":0},"f":{"0":17,"1":55,"2":38,"3":0,"4":0},"b":{"0":[0],"1":[55],"2":[55,55],"3":[60],"4":[60,60],"5":[60,0],"6":[60,0],"7":[0,60],"8":[60,0],"9":[60],"10":[60,0,0],"11":[60,0],"12":[55],"13":[0],"14":[0]}}
,"C:\\Users\\babaei\\Desktop\\Research\\Ai4SE4AI\\RATEN-ra4xstate\\packages\\xstate-raten\\src\\testEnhancement.ts": {"path":"C:\\Users\\babaei\\Desktop\\Research\\Ai4SE4AI\\RATEN-ra4xstate\\packages\\xstate-raten\\src\\testEnhancement.ts","statementMap":{"0":{"start":{"line":9,"column":0},"end":{"line":9,"column":37}},"1":{"start":{"line":34,"column":2},"end":{"line":34,"column":null}},"2":{"start":{"line":36,"column":35},"end":{"line":36,"column":37}},"3":{"start":{"line":38,"column":2},"end":{"line":60,"column":null}},"4":{"start":{"line":38,"column":25},"end":{"line":38,"column":36}},"5":{"start":{"line":38,"column":34},"end":{"line":38,"column":36}},"6":{"start":{"line":38,"column":21},"end":{"line":38,"column":25}},"7":{"start":{"line":39,"column":29},"end":{"line":39,"column":34}},"8":{"start":{"line":42,"column":4},"end":{"line":54,"column":null}},"9":{"start":{"line":42,"column":26},"end":{"line":42,"column":40}},"10":{"start":{"line":42,"column":38},"end":{"line":42,"column":40}},"11":{"start":{"line":42,"column":22},"end":{"line":42,"column":26}},"12":{"start":{"line":44,"column":21},"end":{"line":44,"column":57}},"13":{"start":{"line":47,"column":20},"end":{"line":47,"column":41}},"14":{"start":{"line":50,"column":6},"end":{"line":53,"column":null}},"15":{"start":{"line":51,"column":8},"end":{"line":51,"column":34}},"16":{"start":{"line":52,"column":8},"end":{"line":52,"column":14}},"17":{"start":{"line":57,"column":4},"end":{"line":59,"column":null}},"18":{"start":{"line":58,"column":6},"end":{"line":58,"column":34}},"19":{"start":{"line":62,"column":2},"end":{"line":62,"column":22}},"20":{"start":{"line":29,"column":0},"end":{"line":29,"column":16}},"21":{"start":{"line":79,"column":2},"end":{"line":79,"column":22}},"22":{"start":{"line":72,"column":0},"end":{"line":72,"column":16}},"23":{"start":{"line":91,"column":19},"end":{"line":91,"column":36}},"24":{"start":{"line":95,"column":2},"end":{"line":101,"column":4}},"25":{"start":{"line":86,"column":0},"end":{"line":86,"column":16}}},"fnMap":{"0":{"name":"QueryPSM","decl":{"start":{"line":29,"column":16},"end":{"line":29,"column":24}},"loc":{"start":{"line":34,"column":34},"end":{"line":63,"column":1}}},"1":{"name":"queryPSM","decl":{"start":{"line":72,"column":16},"end":{"line":72,"column":24}},"loc":{"start":{"line":74,"column":23},"end":{"line":80,"column":1}}},"2":{"name":"defaultSimulateExecution","decl":{"start":{"line":86,"column":16},"end":{"line":86,"column":40}},"loc":{"start":{"line":88,"column":17},"end":{"line":102,"column":1}}}},"branchMap":{"0":{"loc":{"start":{"line":34,"column":2},"end":{"line":34,"column":null}},"type":"if","locations":[{"start":{"line":34,"column":2},"end":{"line":34,"column":null}}]},"1":{"loc":{"start":{"line":50,"column":6},"end":{"line":53,"column":null}},"type":"if","locations":[{"start":{"line":50,"column":6},"end":{"line":53,"column":null}}]},"2":{"loc":{"start":{"line":57,"column":4},"end":{"line":59,"column":null}},"type":"if","locations":[{"start":{"line":57,"column":4},"end":{"line":59,"column":null}}]}},"s":{"0":1,"1":0,"2":0,"3":0,"4":0,"5":0,"6":0,"7":0,"8":0,"9":0,"10":0,"11":0,"12":0,"13":0,"14":0,"15":0,"16":0,"17":0,"18":0,"19":0,"20":1,"21":0,"22":1,"23":0,"24":0,"25":1},"f":{"0":0,"1":0,"2":0},"b":{"0":[0],"1":[0],"2":[0]}}
,"C:\\Users\\babaei\\Desktop\\Research\\Ai4SE4AI\\RATEN-ra4xstate\\packages\\xstate-raten\\src\\traceReplay.ts": {"path":"C:\\Users\\babaei\\Desktop\\Research\\Ai4SE4AI\\RATEN-ra4xstate\\packages\\xstate-raten\\src\\traceReplay.ts","statementMap":{"0":{"start":{"line":9,"column":0},"end":{"line":9,"column":41}},"1":{"start":{"line":14,"column":0},"end":{"line":14,"column":13}},"2":{"start":{"line":15,"column":10},"end":{"line":15,"column":31}},"3":{"start":{"line":17,"column":2},"end":{"line":19,"column":null}},"4":{"start":{"line":18,"column":4},"end":{"line":18,"column":32}},"5":{"start":{"line":21,"column":2},"end":{"line":23,"column":null}},"6":{"start":{"line":22,"column":4},"end":{"line":22,"column":33}},"7":{"start":{"line":25,"column":2},"end":{"line":27,"column":null}},"8":{"start":{"line":26,"column":4},"end":{"line":26,"column":38}},"9":{"start":{"line":29,"column":2},"end":{"line":31,"column":null}},"10":{"start":{"line":30,"column":4},"end":{"line":30,"column":32}},"11":{"start":{"line":33,"column":2},"end":{"line":35,"column":null}},"12":{"start":{"line":34,"column":4},"end":{"line":34,"column":23}},"13":{"start":{"line":36,"column":0},"end":{"line":36,"column":null}},"14":{"start":{"line":14,"column":13},"end":{"line":14,"column":31}},"15":{"start":{"line":54,"column":23},"end":{"line":56,"column":null}},"16":{"start":{"line":55,"column":4},"end":{"line":56,"column":null}},"17":{"start":{"line":59,"column":2},"end":{"line":62,"column":null}},"18":{"start":{"line":61,"column":4},"end":{"line":61,"column":45}},"19":{"start":{"line":65,"column":23},"end":{"line":65,"column":52}},"20":{"start":{"line":67,"column":2},"end":{"line":67,"column":56}},"21":{"start":{"line":47,"column":0},"end":{"line":47,"column":16}},"22":{"start":{"line":86,"column":20},"end":{"line":86,"column":54}},"23":{"start":{"line":89,"column":23},"end":{"line":91,"column":null}},"24":{"start":{"line":90,"column":4},"end":{"line":91,"column":null}},"25":{"start":{"line":94,"column":2},"end":{"line":97,"column":null}},"26":{"start":{"line":96,"column":4},"end":{"line":96,"column":45}},"27":{"start":{"line":100,"column":23},"end":{"line":100,"column":52}},"28":{"start":{"line":102,"column":2},"end":{"line":102,"column":56}},"29":{"start":{"line":79,"column":0},"end":{"line":79,"column":16}},"30":{"start":{"line":109,"column":2},"end":{"line":111,"column":null}},"31":{"start":{"line":110,"column":4},"end":{"line":110,"column":29}},"32":{"start":{"line":112,"column":2},"end":{"line":112,"column":59}},"33":{"start":{"line":119,"column":16},"end":{"line":121,"column":null}},"34":{"start":{"line":120,"column":4},"end":{"line":121,"column":null}},"35":{"start":{"line":124,"column":2},"end":{"line":126,"column":null}},"36":{"start":{"line":125,"column":4},"end":{"line":125,"column":28}},"37":{"start":{"line":118,"column":0},"end":{"line":118,"column":16}},"38":{"start":{"line":133,"column":16},"end":{"line":133,"column":40}},"39":{"start":{"line":134,"column":2},"end":{"line":134,"column":36}},"40":{"start":{"line":135,"column":2},"end":{"line":135,"column":15}},"41":{"start":{"line":132,"column":0},"end":{"line":132,"column":16}}},"fnMap":{"0":{"name":"(anonymous_0)","decl":{"start":{"line":14,"column":0},"end":{"line":14,"column":13}},"loc":{"start":{"line":14,"column":0},"end":{"line":36,"column":null}}},"1":{"name":"(anonymous_2)","decl":{"start":{"line":17,"column":2},"end":{"line":17,"column":8}},"loc":{"start":{"line":17,"column":21},"end":{"line":19,"column":3}}},"2":{"name":"(anonymous_3)","decl":{"start":{"line":21,"column":2},"end":{"line":21,"column":9}},"loc":{"start":{"line":21,"column":2},"end":{"line":23,"column":3}}},"3":{"name":"(anonymous_4)","decl":{"start":{"line":25,"column":2},"end":{"line":25,"column":9}},"loc":{"start":{"line":25,"column":2},"end":{"line":27,"column":3}}},"4":{"name":"(anonymous_5)","decl":{"start":{"line":29,"column":2},"end":{"line":29,"column":8}},"loc":{"start":{"line":29,"column":2},"end":{"line":31,"column":3}}},"5":{"name":"(anonymous_6)","decl":{"start":{"line":33,"column":2},"end":{"line":33,"column":7}},"loc":{"start":{"line":33,"column":2},"end":{"line":35,"column":3}}},"6":{"name":"getRCStepBSM","decl":{"start":{"line":47,"column":16},"end":{"line":47,"column":28}},"loc":{"start":{"line":51,"column":24},"end":{"line":68,"column":1}}},"7":{"name":"(anonymous_8)","decl":{"start":{"line":54,"column":33},"end":{"line":54,"column":37}},"loc":{"start":{"line":54,"column":37},"end":{"line":55,"column":8}}},"8":{"name":"getRCStepPSM","decl":{"start":{"line":79,"column":16},"end":{"line":79,"column":28}},"loc":{"start":{"line":83,"column":24},"end":{"line":103,"column":1}}},"9":{"name":"(anonymous_10)","decl":{"start":{"line":89,"column":33},"end":{"line":89,"column":37}},"loc":{"start":{"line":89,"column":37},"end":{"line":90,"column":8}}},"10":{"name":"compareStateValue","decl":{"start":{"line":108,"column":9},"end":{"line":108,"column":26}},"loc":{"start":{"line":108,"column":51},"end":{"line":113,"column":1}}},"11":{"name":"removeMatchingTrace","decl":{"start":{"line":118,"column":16},"end":{"line":118,"column":35}},"loc":{"start":{"line":118,"column":65},"end":{"line":127,"column":1}}},"12":{"name":"(anonymous_13)","decl":{"start":{"line":119,"column":33},"end":{"line":119,"column":34}},"loc":{"start":{"line":119,"column":34},"end":{"line":120,"column":5}}},"13":{"name":"initializeMessageQueue","decl":{"start":{"line":132,"column":16},"end":{"line":132,"column":38}},"loc":{"start":{"line":132,"column":38},"end":{"line":136,"column":1}}}},"branchMap":{"0":{"loc":{"start":{"line":55,"column":4},"end":{"line":56,"column":49}},"type":"binary-expr","locations":[{"start":{"line":55,"column":4},"end":{"line":55,"column":30}},{"start":{"line":56,"column":4},"end":{"line":56,"column":49}}]},"1":{"loc":{"start":{"line":59,"column":2},"end":{"line":62,"column":null}},"type":"if","locations":[{"start":{"line":59,"column":2},"end":{"line":62,"column":null}}]},"2":{"loc":{"start":{"line":86,"column":20},"end":{"line":86,"column":54}},"type":"binary-expr","locations":[{"start":{"line":86,"column":20},"end":{"line":86,"column":35}},{"start":{"line":86,"column":39},"end":{"line":86,"column":48}},{"start":{"line":86,"column":52},"end":{"line":86,"column":54}}]},"3":{"loc":{"start":{"line":86,"column":20},"end":{"line":86,"column":35}},"type":"cond-expr","locations":[{"start":{"line":86,"column":29},"end":{"line":86,"column":31}},{"start":{"line":86,"column":20},"end":{"line":86,"column":35}}]},"4":{"loc":{"start":{"line":86,"column":20},"end":{"line":86,"column":31}},"type":"binary-expr","locations":[{"start":{"line":86,"column":20},"end":{"line":86,"column":31}},{"start":{"line":86,"column":20},"end":{"line":86,"column":31}}]},"5":{"loc":{"start":{"line":86,"column":39},"end":{"line":86,"column":48}},"type":"cond-expr","locations":[{"start":{"line":86,"column":42},"end":{"line":86,"column":44}},{"start":{"line":86,"column":39},"end":{"line":86,"column":48}}]},"6":{"loc":{"start":{"line":86,"column":39},"end":{"line":86,"column":44}},"type":"binary-expr","locations":[{"start":{"line":86,"column":39},"end":{"line":86,"column":44}},{"start":{"line":86,"column":39},"end":{"line":86,"column":44}}]},"7":{"loc":{"start":{"line":90,"column":4},"end":{"line":91,"column":49}},"type":"binary-expr","locations":[{"start":{"line":90,"column":4},"end":{"line":90,"column":28}},{"start":{"line":91,"column":4},"end":{"line":91,"column":49}}]},"8":{"loc":{"start":{"line":94,"column":2},"end":{"line":97,"column":null}},"type":"if","locations":[{"start":{"line":94,"column":2},"end":{"line":97,"column":null}}]},"9":{"loc":{"start":{"line":109,"column":2},"end":{"line":111,"column":null}},"type":"if","locations":[{"start":{"line":109,"column":2},"end":{"line":111,"column":null}}]},"10":{"loc":{"start":{"line":109,"column":6},"end":{"line":109,"column":62}},"type":"binary-expr","locations":[{"start":{"line":109,"column":6},"end":{"line":109,"column":32}},{"start":{"line":109,"column":36},"end":{"line":109,"column":62}}]},"11":{"loc":{"start":{"line":120,"column":4},"end":{"line":121,"column":63}},"type":"binary-expr","locations":[{"start":{"line":120,"column":4},"end":{"line":120,"column":27}},{"start":{"line":121,"column":4},"end":{"line":121,"column":63}}]},"12":{"loc":{"start":{"line":124,"column":2},"end":{"line":126,"column":null}},"type":"if","locations":[{"start":{"line":124,"column":2},"end":{"line":126,"column":null}}]}},"s":{"0":1,"1":1,"2":2,"3":1,"4":2,"5":1,"6":1,"7":1,"8":0,"9":1,"10":0,"11":1,"12":0,"13":1,"14":1,"15":1,"16":5,"17":1,"18":1,"19":0,"20":0,"21":1,"22":1,"23":1,"24":3,"25":1,"26":1,"27":0,"28":0,"29":1,"30":2,"31":2,"32":0,"33":1,"34":1,"35":1,"36":1,"37":1,"38":2,"39":2,"40":2,"41":1},"f":{"0":3,"1":2,"2":1,"3":0,"4":0,"5":0,"6":1,"7":5,"8":1,"9":3,"10":2,"11":1,"12":1,"13":2},"b":{"0":[5,1],"1":[1],"2":[1,0,0],"3":[0,1],"4":[1,1],"5":[0,0],"6":[0,0],"7":[3,1],"8":[1],"9":[2],"10":[2,2],"11":[1,1],"12":[1]}}
,"C:\\Users\\babaei\\Desktop\\Research\\Ai4SE4AI\\RATEN-ra4xstate\\packages\\xstate-raten\\src\\utils.ts": {"path":"C:\\Users\\babaei\\Desktop\\Research\\Ai4SE4AI\\RATEN-ra4xstate\\packages\\xstate-raten\\src\\utils.ts","statementMap":{"0":{"start":{"line":14,"column":2},"end":{"line":14,"column":null}},"1":{"start":{"line":17,"column":19},"end":{"line":17,"column":76}},"2":{"start":{"line":18,"column":2},"end":{"line":20,"column":null}},"3":{"start":{"line":19,"column":4},"end":{"line":19,"column":16}},"4":{"start":{"line":23,"column":20},"end":{"line":23,"column":48}},"5":{"start":{"line":24,"column":2},"end":{"line":31,"column":null}},"6":{"start":{"line":26,"column":4},"end":{"line":30,"column":null}},"7":{"start":{"line":26,"column":22},"end":{"line":26,"column":37}},"8":{"start":{"line":26,"column":35},"end":{"line":26,"column":37}},"9":{"start":{"line":26,"column":18},"end":{"line":26,"column":22}},"10":{"start":{"line":27,"column":6},"end":{"line":29,"column":null}},"11":{"start":{"line":28,"column":8},"end":{"line":28,"column":20}},"12":{"start":{"line":33,"column":2},"end":{"line":33,"column":15}},"13":{"start":{"line":11,"column":0},"end":{"line":11,"column":16}},"14":{"start":{"line":42,"column":2},"end":{"line":42,"column":null}},"15":{"start":{"line":45,"column":19},"end":{"line":45,"column":76}},"16":{"start":{"line":46,"column":2},"end":{"line":48,"column":null}},"17":{"start":{"line":47,"column":4},"end":{"line":47,"column":16}},"18":{"start":{"line":51,"column":20},"end":{"line":51,"column":48}},"19":{"start":{"line":52,"column":2},"end":{"line":59,"column":null}},"20":{"start":{"line":54,"column":4},"end":{"line":58,"column":null}},"21":{"start":{"line":54,"column":22},"end":{"line":54,"column":36}},"22":{"start":{"line":54,"column":34},"end":{"line":54,"column":36}},"23":{"start":{"line":54,"column":18},"end":{"line":54,"column":22}},"24":{"start":{"line":55,"column":6},"end":{"line":57,"column":null}},"25":{"start":{"line":56,"column":8},"end":{"line":56,"column":20}},"26":{"start":{"line":61,"column":2},"end":{"line":61,"column":15}},"27":{"start":{"line":39,"column":0},"end":{"line":39,"column":16}},"28":{"start":{"line":71,"column":2},"end":{"line":81,"column":null}},"29":{"start":{"line":72,"column":4},"end":{"line":74,"column":null}},"30":{"start":{"line":73,"column":6},"end":{"line":73,"column":67}},"31":{"start":{"line":77,"column":22},"end":{"line":77,"column":50}},"32":{"start":{"line":78,"column":4},"end":{"line":78,"column":64}},"33":{"start":{"line":80,"column":4},"end":{"line":80,"column":16}},"34":{"start":{"line":67,"column":0},"end":{"line":67,"column":16}},"35":{"start":{"line":88,"column":2},"end":{"line":90,"column":null}},"36":{"start":{"line":89,"column":4},"end":{"line":89,"column":22}},"37":{"start":{"line":93,"column":26},"end":{"line":93,"column":28}},"38":{"start":{"line":94,"column":30},"end":{"line":94,"column":null}},"39":{"start":{"line":95,"column":4},"end":{"line":101,"column":null}},"40":{"start":{"line":96,"column":6},"end":{"line":100,"column":null}},"41":{"start":{"line":97,"column":8},"end":{"line":97,"column":83}},"42":{"start":{"line":98,"column":13},"end":{"line":100,"column":null}},"43":{"start":{"line":99,"column":8},"end":{"line":99,"column":62}},"44":{"start":{"line":103,"column":2},"end":{"line":103,"column":23}},"45":{"start":{"line":105,"column":2},"end":{"line":105,"column":24}},"46":{"start":{"line":87,"column":0},"end":{"line":87,"column":16}},"47":{"start":{"line":116,"column":2},"end":{"line":120,"column":5}},"48":{"start":{"line":117,"column":24},"end":{"line":117,"column":63}},"49":{"start":{"line":118,"column":24},"end":{"line":118,"column":63}},"50":{"start":{"line":119,"column":4},"end":{"line":119,"column":38}},"51":{"start":{"line":111,"column":0},"end":{"line":111,"column":16}},"52":{"start":{"line":127,"column":2},"end":{"line":129,"column":null}},"53":{"start":{"line":128,"column":4},"end":{"line":128,"column":29}},"54":{"start":{"line":131,"column":2},"end":{"line":131,"column":59}},"55":{"start":{"line":126,"column":0},"end":{"line":126,"column":16}},"56":{"start":{"line":139,"column":2},"end":{"line":139,"column":null}},"57":{"start":{"line":141,"column":35},"end":{"line":141,"column":37}},"58":{"start":{"line":144,"column":19},"end":{"line":144,"column":38}},"59":{"start":{"line":145,"column":4},"end":{"line":148,"column":null}},"60":{"start":{"line":147,"column":6},"end":{"line":147,"column":58}},"61":{"start":{"line":150,"column":4},"end":{"line":155,"column":null}},"62":{"start":{"line":151,"column":26},"end":{"line":151,"column":79}},"63":{"start":{"line":151,"column":62},"end":{"line":151,"column":79}},"64":{"start":{"line":152,"column":6},"end":{"line":154,"column":null}},"65":{"start":{"line":152,"column":26},"end":{"line":152,"column":39}},"66":{"start":{"line":152,"column":37},"end":{"line":152,"column":39}},"67":{"start":{"line":152,"column":22},"end":{"line":152,"column":26}},"68":{"start":{"line":153,"column":8},"end":{"line":153,"column":24}},"69":{"start":{"line":158,"column":2},"end":{"line":158,"column":20}},"70":{"start":{"line":159,"column":2},"end":{"line":159,"column":20}},"71":{"start":{"line":137,"column":0},"end":{"line":137,"column":16}},"72":{"start":{"line":167,"column":2},"end":{"line":167,"column":null}},"73":{"start":{"line":169,"column":34},"end":{"line":169,"column":36}},"74":{"start":{"line":172,"column":19},"end":{"line":172,"column":38}},"75":{"start":{"line":173,"column":4},"end":{"line":176,"column":null}},"76":{"start":{"line":175,"column":6},"end":{"line":175,"column":57}},"77":{"start":{"line":178,"column":4},"end":{"line":183,"column":null}},"78":{"start":{"line":179,"column":26},"end":{"line":179,"column":79}},"79":{"start":{"line":179,"column":62},"end":{"line":179,"column":79}},"80":{"start":{"line":180,"column":6},"end":{"line":182,"column":null}},"81":{"start":{"line":180,"column":26},"end":{"line":180,"column":39}},"82":{"start":{"line":180,"column":37},"end":{"line":180,"column":39}},"83":{"start":{"line":180,"column":22},"end":{"line":180,"column":26}},"84":{"start":{"line":181,"column":8},"end":{"line":181,"column":24}},"85":{"start":{"line":186,"column":2},"end":{"line":186,"column":20}},"86":{"start":{"line":187,"column":2},"end":{"line":187,"column":19}},"87":{"start":{"line":165,"column":0},"end":{"line":165,"column":16}}},"fnMap":{"0":{"name":"isGoodState","decl":{"start":{"line":11,"column":16},"end":{"line":11,"column":27}},"loc":{"start":{"line":14,"column":36},"end":{"line":34,"column":1}}},"1":{"name":"isBadState","decl":{"start":{"line":39,"column":16},"end":{"line":39,"column":26}},"loc":{"start":{"line":42,"column":34},"end":{"line":62,"column":1}}},"2":{"name":"getStateNode","decl":{"start":{"line":67,"column":16},"end":{"line":67,"column":28}},"loc":{"start":{"line":69,"column":24},"end":{"line":82,"column":1}}},"3":{"name":"resolveStatePath","decl":{"start":{"line":87,"column":16},"end":{"line":87,"column":32}},"loc":{"start":{"line":87,"column":55},"end":{"line":106,"column":1}}},"4":{"name":"traverse","decl":{"start":{"line":94,"column":11},"end":{"line":94,"column":19}},"loc":{"start":{"line":94,"column":41},"end":{"line":102,"column":3}}},"5":{"name":"isMatched","decl":{"start":{"line":111,"column":16},"end":{"line":111,"column":25}},"loc":{"start":{"line":114,"column":25},"end":{"line":121,"column":1}}},"6":{"name":"(anonymous_8)","decl":{"start":{"line":116,"column":20},"end":{"line":116,"column":24}},"loc":{"start":{"line":116,"column":24},"end":{"line":120,"column":3}}},"7":{"name":"compareStates","decl":{"start":{"line":126,"column":16},"end":{"line":126,"column":29}},"loc":{"start":{"line":126,"column":68},"end":{"line":132,"column":1}}},"8":{"name":"getGoodStates","decl":{"start":{"line":137,"column":16},"end":{"line":137,"column":29}},"loc":{"start":{"line":139,"column":36},"end":{"line":160,"column":1}}},"9":{"name":"traverse","decl":{"start":{"line":143,"column":11},"end":{"line":143,"column":19}},"loc":{"start":{"line":143,"column":29},"end":{"line":156,"column":3}}},"10":{"name":"(anonymous_12)","decl":{"start":{"line":151,"column":55},"end":{"line":151,"column":58}},"loc":{"start":{"line":151,"column":58},"end":{"line":151,"column":66}}},"11":{"name":"getBadStates","decl":{"start":{"line":165,"column":16},"end":{"line":165,"column":28}},"loc":{"start":{"line":167,"column":34},"end":{"line":188,"column":1}}},"12":{"name":"traverse","decl":{"start":{"line":171,"column":11},"end":{"line":171,"column":19}},"loc":{"start":{"line":171,"column":29},"end":{"line":184,"column":3}}},"13":{"name":"(anonymous_15)","decl":{"start":{"line":179,"column":55},"end":{"line":179,"column":58}},"loc":{"start":{"line":179,"column":58},"end":{"line":179,"column":66}}}},"branchMap":{"0":{"loc":{"start":{"line":14,"column":2},"end":{"line":14,"column":null}},"type":"if","locations":[{"start":{"line":14,"column":2},"end":{"line":14,"column":null}}]},"1":{"loc":{"start":{"line":17,"column":19},"end":{"line":17,"column":76}},"type":"cond-expr","locations":[{"start":{"line":17,"column":47},"end":{"line":17,"column":52}},{"start":{"line":17,"column":55},"end":{"line":17,"column":76}}]},"2":{"loc":{"start":{"line":18,"column":2},"end":{"line":20,"column":null}},"type":"if","locations":[{"start":{"line":18,"column":2},"end":{"line":20,"column":null}}]},"3":{"loc":{"start":{"line":24,"column":2},"end":{"line":31,"column":null}},"type":"if","locations":[{"start":{"line":24,"column":2},"end":{"line":31,"column":null}}]},"4":{"loc":{"start":{"line":27,"column":6},"end":{"line":29,"column":null}},"type":"if","locations":[{"start":{"line":27,"column":6},"end":{"line":29,"column":null}}]},"5":{"loc":{"start":{"line":27,"column":10},"end":{"line":27,"column":56}},"type":"binary-expr","locations":[{"start":{"line":27,"column":10},"end":{"line":27,"column":24}},{"start":{"line":27,"column":28},"end":{"line":27,"column":56}}]},"6":{"loc":{"start":{"line":42,"column":2},"end":{"line":42,"column":null}},"type":"if","locations":[{"start":{"line":42,"column":2},"end":{"line":42,"column":null}}]},"7":{"loc":{"start":{"line":45,"column":19},"end":{"line":45,"column":76}},"type":"cond-expr","locations":[{"start":{"line":45,"column":47},"end":{"line":45,"column":52}},{"start":{"line":45,"column":55},"end":{"line":45,"column":76}}]},"8":{"loc":{"start":{"line":46,"column":2},"end":{"line":48,"column":null}},"type":"if","locations":[{"start":{"line":46,"column":2},"end":{"line":48,"column":null}}]},"9":{"loc":{"start":{"line":52,"column":2},"end":{"line":59,"column":null}},"type":"if","locations":[{"start":{"line":52,"column":2},"end":{"line":59,"column":null}}]},"10":{"loc":{"start":{"line":55,"column":6},"end":{"line":57,"column":null}},"type":"if","locations":[{"start":{"line":55,"column":6},"end":{"line":57,"column":null}}]},"11":{"loc":{"start":{"line":55,"column":10},"end":{"line":55,"column":56}},"type":"binary-expr","locations":[{"start":{"line":55,"column":10},"end":{"line":55,"column":24}},{"start":{"line":55,"column":28},"end":{"line":55,"column":56}}]},"12":{"loc":{"start":{"line":72,"column":4},"end":{"line":74,"column":null}},"type":"if","locations":[{"start":{"line":72,"column":4},"end":{"line":74,"column":null}}]},"13":{"loc":{"start":{"line":73,"column":14},"end":{"line":73,"column":66}},"type":"binary-expr","locations":[{"start":{"line":73,"column":14},"end":{"line":73,"column":58}},{"start":{"line":73,"column":62},"end":{"line":73,"column":66}}]},"14":{"loc":{"start":{"line":78,"column":12},"end":{"line":78,"column":63}},"type":"binary-expr","locations":[{"start":{"line":78,"column":12},"end":{"line":78,"column":55}},{"start":{"line":78,"column":59},"end":{"line":78,"column":63}}]},"15":{"loc":{"start":{"line":88,"column":2},"end":{"line":90,"column":null}},"type":"if","locations":[{"start":{"line":88,"column":2},"end":{"line":90,"column":null}}]},"16":{"loc":{"start":{"line":94,"column":30},"end":{"line":94,"column":null}},"type":"if","locations":[{"start":{"line":94,"column":30},"end":{"line":94,"column":null}}]},"17":{"loc":{"start":{"line":96,"column":6},"end":{"line":100,"column":null}},"type":"if","locations":[{"start":{"line":96,"column":6},"end":{"line":100,"column":null}},{"start":{"line":98,"column":13},"end":{"line":100,"column":null}}]},"18":{"loc":{"start":{"line":97,"column":19},"end":{"line":97,"column":81}},"type":"cond-expr","locations":[{"start":{"line":97,"column":28},"end":{"line":97,"column":58}},{"start":{"line":97,"column":61},"end":{"line":97,"column":81}}]},"19":{"loc":{"start":{"line":98,"column":13},"end":{"line":100,"column":null}},"type":"if","locations":[{"start":{"line":98,"column":13},"end":{"line":100,"column":null}}]},"20":{"loc":{"start":{"line":99,"column":27},"end":{"line":99,"column":60}},"type":"cond-expr","locations":[{"start":{"line":99,"column":36},"end":{"line":99,"column":54}},{"start":{"line":99,"column":57},"end":{"line":99,"column":60}}]},"21":{"loc":{"start":{"line":105,"column":9},"end":{"line":105,"column":23}},"type":"binary-expr","locations":[{"start":{"line":105,"column":9},"end":{"line":105,"column":17}},{"start":{"line":105,"column":21},"end":{"line":105,"column":23}}]},"22":{"loc":{"start":{"line":119,"column":11},"end":{"line":119,"column":37}},"type":"binary-expr","locations":[{"start":{"line":119,"column":11},"end":{"line":119,"column":22}},{"start":{"line":119,"column":26},"end":{"line":119,"column":37}}]},"23":{"loc":{"start":{"line":127,"column":2},"end":{"line":129,"column":null}},"type":"if","locations":[{"start":{"line":127,"column":2},"end":{"line":129,"column":null}}]},"24":{"loc":{"start":{"line":127,"column":6},"end":{"line":127,"column":62}},"type":"binary-expr","locations":[{"start":{"line":127,"column":6},"end":{"line":127,"column":32}},{"start":{"line":127,"column":36},"end":{"line":127,"column":62}}]},"25":{"loc":{"start":{"line":139,"column":2},"end":{"line":139,"column":null}},"type":"if","locations":[{"start":{"line":139,"column":2},"end":{"line":139,"column":null}}]},"26":{"loc":{"start":{"line":144,"column":19},"end":{"line":144,"column":38}},"type":"binary-expr","locations":[{"start":{"line":144,"column":19},"end":{"line":144,"column":26}},{"start":{"line":144,"column":30},"end":{"line":144,"column":38}}]},"27":{"loc":{"start":{"line":145,"column":4},"end":{"line":148,"column":null}},"type":"if","locations":[{"start":{"line":145,"column":4},"end":{"line":148,"column":null}}]},"28":{"loc":{"start":{"line":145,"column":8},"end":{"line":145,"column":61}},"type":"binary-expr","locations":[{"start":{"line":145,"column":8},"end":{"line":145,"column":14}},{"start":{"line":145,"column":18},"end":{"line":145,"column":61}}]},"29":{"loc":{"start":{"line":147,"column":23},"end":{"line":147,"column":41}},"type":"binary-expr","locations":[{"start":{"line":147,"column":23},"end":{"line":147,"column":31}},{"start":{"line":147,"column":35},"end":{"line":147,"column":41}}]},"30":{"loc":{"start":{"line":150,"column":4},"end":{"line":155,"column":null}},"type":"if","locations":[{"start":{"line":150,"column":4},"end":{"line":155,"column":null}}]},"31":{"loc":{"start":{"line":167,"column":2},"end":{"line":167,"column":null}},"type":"if","locations":[{"start":{"line":167,"column":2},"end":{"line":167,"column":null}}]},"32":{"loc":{"start":{"line":172,"column":19},"end":{"line":172,"column":38}},"type":"binary-expr","locations":[{"start":{"line":172,"column":19},"end":{"line":172,"column":26}},{"start":{"line":172,"column":30},"end":{"line":172,"column":38}}]},"33":{"loc":{"start":{"line":173,"column":4},"end":{"line":176,"column":null}},"type":"if","locations":[{"start":{"line":173,"column":4},"end":{"line":176,"column":null}}]},"34":{"loc":{"start":{"line":173,"column":8},"end":{"line":173,"column":59}},"type":"binary-expr","locations":[{"start":{"line":173,"column":8},"end":{"line":173,"column":14}},{"start":{"line":173,"column":18},"end":{"line":173,"column":59}}]},"35":{"loc":{"start":{"line":175,"column":22},"end":{"line":175,"column":40}},"type":"binary-expr","locations":[{"start":{"line":175,"column":22},"end":{"line":175,"column":30}},{"start":{"line":175,"column":34},"end":{"line":175,"column":40}}]},"36":{"loc":{"start":{"line":178,"column":4},"end":{"line":183,"column":null}},"type":"if","locations":[{"start":{"line":178,"column":4},"end":{"line":183,"column":null}}]}},"s":{"0":47,"1":45,"2":45,"3":28,"4":17,"5":17,"6":16,"7":16,"8":16,"9":16,"10":16,"11":0,"12":17,"13":3,"14":47,"15":45,"16":45,"17":16,"18":29,"19":29,"20":28,"21":28,"22":28,"23":28,"24":28,"25":0,"26":29,"27":3,"28":46,"29":46,"30":46,"31":0,"32":0,"33":2,"34":3,"35":0,"36":0,"37":0,"38":0,"39":0,"40":0,"41":0,"42":0,"43":0,"44":0,"45":0,"46":3,"47":0,"48":0,"49":0,"50":0,"51":3,"52":0,"53":0,"54":0,"55":3,"56":2,"57":1,"58":3,"59":3,"60":1,"61":3,"62":3,"63":2,"64":3,"65":3,"66":3,"67":2,"68":2,"69":1,"70":1,"71":3,"72":2,"73":1,"74":3,"75":3,"76":1,"77":3,"78":3,"79":2,"80":3,"81":3,"82":3,"83":2,"84":2,"85":1,"86":1,"87":3},"f":{"0":45,"1":45,"2":46,"3":0,"4":0,"5":0,"6":0,"7":0,"8":1,"9":3,"10":2,"11":1,"12":3,"13":2},"b":{"0":[2],"1":[45,0],"2":[28],"3":[16],"4":[0],"5":[16,16],"6":[2],"7":[45,0],"8":[16],"9":[28],"10":[0],"11":[28,28],"12":[46],"13":[46,0],"14":[0,0],"15":[0],"16":[0],"17":[0,0],"18":[0,0],"19":[0],"20":[0,0],"21":[0,0],"22":[0,0],"23":[0],"24":[0,0],"25":[1],"26":[3,0],"27":[1],"28":[3,3],"29":[1,0],"30":[3],"31":[1],"32":[3,0],"33":[1],"34":[3,3],"35":[1,0],"36":[3]}}
}
