TN:
SF:src\btCost.ts
FN:40,computeBTCost
FN:76,(anonymous_8)
FN:77,(anonymous_9)
FN:94,minCostPath
FN:119,(anonymous_11)
FN:128,BFSdPSM
FN:165,(anonymous_14)
FN:191,findPathToState
FN:239,computePathCost
FN:259,stateValueToString
FN:269,stringToStateValue
FN:280,compareStateValues
FNF:12
FNH:0
FNDA:0,computeBTCost
FNDA:0,(anonymous_8)
FNDA:0,(anonymous_9)
FNDA:0,minCostPath
FNDA:0,(anonymous_11)
FNDA:0,BFSdPSM
FNDA:0,(anonymous_14)
FNDA:0,findPathToState
FNDA:0,computePathCost
FNDA:0,stateValueToString
FNDA:0,stringToStateValue
FNDA:0,compareStateValues
DA:8,1
DA:9,1
DA:10,1
DA:15,1
DA:40,1
DA:51,0
DA:54,0
DA:55,0
DA:57,0
DA:59,0
DA:63,0
DA:65,0
DA:66,0
DA:67,0
DA:71,0
DA:72,0
DA:74,0
DA:76,0
DA:77,0
DA:78,0
DA:80,0
DA:82,0
DA:83,0
DA:88,0
DA:101,0
DA:102,0
DA:105,0
DA:107,0
DA:108,0
DA:109,0
DA:110,0
DA:114,0
DA:115,0
DA:119,0
DA:120,0
DA:135,0
DA:136,0
DA:137,0
DA:146,0
DA:147,0
DA:149,0
DA:150,0
DA:152,0
DA:156,0
DA:157,0
DA:160,0
DA:163,0
DA:164,0
DA:165,0
DA:166,0
DA:174,0
DA:175,0
DA:176,0
DA:177,0
DA:185,0
DA:203,0
DA:204,0
DA:206,0
DA:207,0
DA:209,0
DA:210,0
DA:216,0
DA:217,0
DA:219,0
DA:221,0
DA:222,0
DA:223,0
DA:224,0
DA:225,0
DA:233,0
DA:240,0
DA:241,0
DA:243,0
DA:244,0
DA:245,0
DA:247,0
DA:253,0
DA:260,0
DA:261,0
DA:263,0
DA:270,0
DA:271,0
DA:273,0
DA:281,0
DA:282,0
DA:284,0
LF:86
LH:5
BRDA:57,0,0,0
BRDA:65,1,0,0
BRDA:65,2,0,0
BRDA:65,2,1,0
BRDA:74,3,0,0
BRDA:82,4,0,0
BRDA:109,5,0,0
BRDA:114,6,0,0
BRDA:120,7,0,0
BRDA:120,7,1,0
BRDA:152,8,0,0
BRDA:157,9,0,0
BRDA:163,10,0,0
BRDA:165,11,0,0
BRDA:174,12,0,0
BRDA:174,12,1,0
BRDA:209,13,0,0
BRDA:216,14,0,0
BRDA:221,15,0,0
BRDA:221,15,1,0
BRDA:224,16,0,0
BRDA:260,17,0,0
BRDA:281,18,0,0
BRDA:281,19,0,0
BRDA:281,19,1,0
BRF:25
BRH:0
end_of_record
TN:
SF:src\configuration.ts
FN:12,createInitialConfiguration
FN:30,replay
FN:62,createConfigurationFromState
FNF:3
FNH:1
FNDA:4,createInitialConfiguration
FNDA:0,replay
FNDA:0,createConfigurationFromState
DA:12,1
DA:15,4
DA:30,1
DA:32,0
DA:35,0
DA:36,0
DA:39,0
DA:40,0
DA:42,0
DA:43,0
DA:44,0
DA:45,0
DA:51,0
DA:62,1
DA:67,0
LF:15
LH:4
BRDA:17,0,0,4
BRDA:17,0,1,4
BRDA:36,1,0,0
BRDA:36,2,0,0
BRDA:36,2,1,0
BRDA:40,3,0,0
BRDA:40,4,0,0
BRDA:40,4,1,0
BRDA:40,4,2,0
BRDA:42,5,0,0
BRDA:42,5,1,0
BRDA:44,6,0,0
BRDA:69,7,0,0
BRDA:69,7,1,0
BRDA:69,7,2,0
BRF:15
BRH:2
end_of_record
TN:
SF:src\costComputation.ts
FN:29,computeCost
FNF:1
FNH:1
FNDA:2,computeCost
DA:9,1
DA:10,1
DA:11,1
DA:12,1
DA:13,1
DA:29,1
DA:40,2
DA:41,2
DA:44,2
DA:45,2
DA:46,2
DA:49,2
DA:52,8
DA:55,2
DA:57,2
DA:58,2
DA:61,2
DA:63,1
DA:64,1
DA:67,1
DA:68,1
DA:76,1
DA:78,1
DA:79,1
DA:80,1
DA:84,0
DA:85,0
DA:87,0
DA:89,0
DA:90,0
DA:101,0
DA:103,0
DA:104,0
DA:105,0
DA:107,0
DA:108,0
DA:121,0
DA:122,0
DA:126,0
DA:129,0
DA:131,0
DA:139,0
DA:149,0
DA:150,0
DA:153,0
DA:154,0
DA:158,2
LF:47
LH:26
BRDA:69,0,0,1
BRDA:69,0,1,1
BRDA:76,1,0,1
BRDA:76,2,0,1
BRDA:76,2,1,0
BRDA:87,3,0,0
BRDA:87,3,1,0
BRDA:101,4,0,0
BRDA:101,4,1,0
BRDA:105,5,0,0
BRDA:105,5,1,0
BRDA:129,6,0,0
BRF:12
BRH:4
end_of_record
TN:
SF:src\costExtraction.ts
FN:16,getCost
FN:39,extractCostFromActions
FNF:2
FNH:0
FNDA:0,getCost
FNDA:0,extractCostFromActions
DA:16,1
DA:18,0
DA:19,0
DA:20,0
DA:24,0
DA:25,0
DA:29,0
DA:40,0
DA:41,0
DA:44,0
DA:46,0
DA:47,0
DA:51,0
DA:52,0
DA:53,0
DA:54,0
DA:55,0
DA:59,0
DA:60,0
DA:61,0
DA:66,0
DA:67,0
DA:68,0
DA:69,0
DA:74,0
DA:75,0
DA:76,0
DA:77,0
DA:78,0
DA:86,0
LF:30
LH:1
BRDA:19,0,0,0
BRDA:24,1,0,0
BRDA:40,2,0,0
BRDA:40,3,0,0
BRDA:40,3,1,0
BRDA:46,4,0,0
BRDA:46,5,0,0
BRDA:46,5,1,0
BRDA:46,5,2,0
BRDA:47,6,0,0
BRDA:47,6,1,0
BRDA:51,7,0,0
BRDA:51,8,0,0
BRDA:51,8,1,0
BRDA:54,9,0,0
BRDA:60,10,0,0
BRDA:66,11,0,0
BRDA:68,12,0,0
BRDA:74,13,0,0
BRDA:74,14,0,0
BRDA:74,14,1,0
BRDA:77,15,0,0
BRF:22
BRH:0
end_of_record
TN:
SF:src\preprocessing.ts
FN:24,preProcessPSM
FNF:1
FNH:1
FNDA:7,preProcessPSM
DA:8,2
DA:9,2
DA:24,2
DA:26,9
DA:27,9
DA:29,7
DA:30,7
DA:31,7
DA:32,7
DA:35,7
DA:38,20
DA:39,20
DA:40,20
DA:41,20
DA:42,20
DA:44,20
DA:46,7
DA:47,13
DA:49,6
DA:50,7
DA:52,6
DA:53,1
DA:55,1
DA:59,0
DA:63,7
LF:25
LH:24
BRDA:26,0,0,2
BRDA:27,1,0,2
BRDA:44,2,0,7
BRDA:44,2,1,13
BRDA:44,3,0,20
BRDA:44,3,1,13
BRDA:47,4,0,6
BRDA:47,4,1,7
BRDA:47,5,0,13
BRDA:47,5,1,6
BRDA:50,6,0,6
BRDA:50,6,1,1
BRDA:50,7,0,7
BRDA:50,7,1,7
BRDA:53,8,0,1
BRDA:53,8,1,0
BRDA:53,9,0,1
BRDA:53,9,1,1
BRF:18
BRH:17
end_of_record
TN:
SF:src\raten.ts
FN:16,(anonymous_0)
FN:31,RATEN
FN:67,(anonymous_2)
FN:89,(anonymous_3)
FN:95,(anonymous_4)
FN:113,(anonymous_5)
FN:120,(anonymous_6)
FN:127,(anonymous_7)
FNF:8
FNH:6
FNDA:1,(anonymous_0)
FNDA:5,RATEN
FNDA:2,(anonymous_2)
FNDA:0,(anonymous_3)
FNDA:0,(anonymous_4)
FNDA:1,(anonymous_5)
FNDA:1,(anonymous_6)
FNDA:1,(anonymous_7)
DA:8,1
DA:9,1
DA:10,1
DA:11,1
DA:16,1
DA:34,9
DA:36,5
DA:37,5
DA:40,5
DA:49,5
DA:50,5
DA:53,5
DA:67,1
DA:68,2
DA:89,1
DA:95,0
DA:101,0
DA:113,1
DA:114,1
DA:120,1
DA:121,1
DA:127,1
DA:128,1
DA:130,1
LF:24
LH:22
BRDA:34,0,0,4
BRDA:41,1,0,1
BRDA:41,1,1,4
BRDA:41,2,0,5
BRDA:41,2,1,5
BRDA:42,3,0,0
BRDA:42,3,1,5
BRDA:42,4,0,5
BRDA:42,4,1,5
BRDA:43,5,0,0
BRDA:43,5,1,5
BRDA:43,6,0,5
BRDA:43,6,1,5
BRDA:44,7,0,0
BRDA:44,7,1,5
BRDA:44,8,0,5
BRDA:44,8,1,5
BRDA:95,9,0,0
BRDA:95,9,1,0
BRF:19
BRH:14
end_of_record
TN:
SF:src\rcSteps.ts
FN:13,extractRC
FN:17,traverse
FN:56,(anonymous_4)
FN:70,buildGraph
FN:87,stateValueToString
FNF:5
FNH:3
FNDA:17,extractRC
FNDA:55,traverse
FNDA:38,(anonymous_4)
FNDA:0,buildGraph
FNDA:0,stateValueToString
DA:13,2
DA:14,17
DA:15,17
DA:18,55
DA:20,55
DA:21,0
DA:23,55
DA:26,55
DA:27,60
DA:28,60
DA:30,60
DA:31,60
DA:34,60
DA:35,60
DA:39,60
DA:40,60
DA:47,60
DA:55,55
DA:56,55
DA:57,55
DA:58,38
DA:63,17
DA:64,17
DA:70,2
DA:71,0
DA:73,0
DA:74,0
DA:75,0
DA:76,0
DA:78,0
DA:81,0
DA:88,0
DA:89,0
DA:91,0
LF:34
LH:23
BRDA:20,0,0,0
BRDA:26,1,0,55
BRDA:26,2,0,55
BRDA:26,2,1,55
BRDA:28,3,0,60
BRDA:28,4,0,60
BRDA:28,4,1,60
BRDA:30,5,0,60
BRDA:30,5,1,0
BRDA:31,6,0,60
BRDA:31,6,1,0
BRDA:35,7,0,0
BRDA:35,7,1,60
BRDA:37,8,0,60
BRDA:37,8,1,0
BRDA:39,9,0,60
BRDA:42,10,0,60
BRDA:42,10,1,0
BRDA:42,10,2,0
BRDA:44,11,0,60
BRDA:44,11,1,0
BRDA:55,12,0,55
BRDA:75,13,0,0
BRDA:88,14,0,0
BRF:24
BRH:14
end_of_record
TN:
SF:src\testEnhancement.ts
FN:29,QueryPSM
FN:72,queryPSM
FN:86,defaultSimulateExecution
FNF:3
FNH:0
FNDA:0,QueryPSM
FNDA:0,queryPSM
FNDA:0,defaultSimulateExecution
DA:9,1
DA:29,1
DA:34,0
DA:36,0
DA:38,0
DA:39,0
DA:42,0
DA:44,0
DA:47,0
DA:50,0
DA:51,0
DA:52,0
DA:57,0
DA:58,0
DA:62,0
DA:72,1
DA:79,0
DA:86,1
DA:91,0
DA:95,0
LF:20
LH:4
BRDA:34,0,0,0
BRDA:50,1,0,0
BRDA:57,2,0,0
BRF:3
BRH:0
end_of_record
TN:
SF:src\traceReplay.ts
FN:14,(anonymous_0)
FN:17,(anonymous_2)
FN:21,(anonymous_3)
FN:25,(anonymous_4)
FN:29,(anonymous_5)
FN:33,(anonymous_6)
FN:47,getRCStepBSM
FN:54,(anonymous_8)
FN:79,getRCStepPSM
FN:89,(anonymous_10)
FN:108,compareStateValue
FN:118,removeMatchingTrace
FN:119,(anonymous_13)
FN:132,initializeMessageQueue
FNF:14
FNH:11
FNDA:3,(anonymous_0)
FNDA:2,(anonymous_2)
FNDA:1,(anonymous_3)
FNDA:0,(anonymous_4)
FNDA:0,(anonymous_5)
FNDA:0,(anonymous_6)
FNDA:1,getRCStepBSM
FNDA:5,(anonymous_8)
FNDA:1,getRCStepPSM
FNDA:3,(anonymous_10)
FNDA:2,compareStateValue
FNDA:1,removeMatchingTrace
FNDA:1,(anonymous_13)
FNDA:2,initializeMessageQueue
DA:9,1
DA:14,1
DA:15,2
DA:17,1
DA:18,2
DA:21,1
DA:22,1
DA:25,1
DA:26,0
DA:29,1
DA:30,0
DA:33,1
DA:34,0
DA:36,1
DA:47,1
DA:54,1
DA:55,5
DA:59,1
DA:61,1
DA:65,0
DA:67,0
DA:79,1
DA:86,1
DA:89,1
DA:90,3
DA:94,1
DA:96,1
DA:100,0
DA:102,0
DA:109,2
DA:110,2
DA:112,0
DA:118,1
DA:119,1
DA:120,1
DA:124,1
DA:125,1
DA:132,1
DA:133,2
DA:134,2
DA:135,2
LF:41
LH:33
BRDA:55,0,0,5
BRDA:55,0,1,1
BRDA:59,1,0,1
BRDA:86,2,0,1
BRDA:86,2,1,0
BRDA:86,2,2,0
BRDA:86,3,0,0
BRDA:86,3,1,1
BRDA:86,4,0,1
BRDA:86,4,1,1
BRDA:86,5,0,0
BRDA:86,5,1,0
BRDA:86,6,0,0
BRDA:86,6,1,0
BRDA:90,7,0,3
BRDA:90,7,1,1
BRDA:94,8,0,1
BRDA:109,9,0,2
BRDA:109,10,0,2
BRDA:109,10,1,2
BRDA:120,11,0,1
BRDA:120,11,1,1
BRDA:124,12,0,1
BRF:23
BRH:16
end_of_record
TN:
SF:src\utils.ts
FN:11,isGoodState
FN:39,isBadState
FN:67,getStateNode
FN:87,resolveStatePath
FN:94,traverse
FN:111,isMatched
FN:116,(anonymous_8)
FN:126,compareStates
FN:137,getGoodStates
FN:143,traverse
FN:151,(anonymous_12)
FN:165,getBadStates
FN:171,traverse
FN:179,(anonymous_15)
FNF:14
FNH:9
FNDA:45,isGoodState
FNDA:45,isBadState
FNDA:46,getStateNode
FNDA:0,resolveStatePath
FNDA:0,traverse
FNDA:0,isMatched
FNDA:0,(anonymous_8)
FNDA:0,compareStates
FNDA:1,getGoodStates
FNDA:3,traverse
FNDA:2,(anonymous_12)
FNDA:1,getBadStates
FNDA:3,traverse
FNDA:2,(anonymous_15)
DA:11,3
DA:14,47
DA:17,45
DA:18,45
DA:19,28
DA:23,17
DA:24,17
DA:26,16
DA:27,16
DA:28,0
DA:33,17
DA:39,3
DA:42,47
DA:45,45
DA:46,45
DA:47,16
DA:51,29
DA:52,29
DA:54,28
DA:55,28
DA:56,0
DA:61,29
DA:67,3
DA:71,46
DA:72,46
DA:73,46
DA:77,0
DA:78,0
DA:80,2
DA:87,3
DA:88,0
DA:89,0
DA:93,0
DA:94,0
DA:95,0
DA:96,0
DA:97,0
DA:98,0
DA:99,0
DA:103,0
DA:105,0
DA:111,3
DA:116,0
DA:117,0
DA:118,0
DA:119,0
DA:126,3
DA:127,0
DA:128,0
DA:131,0
DA:137,3
DA:139,2
DA:141,1
DA:144,3
DA:145,3
DA:147,1
DA:150,3
DA:151,3
DA:152,3
DA:153,2
DA:158,1
DA:159,1
DA:165,3
DA:167,2
DA:169,1
DA:172,3
DA:173,3
DA:175,1
DA:178,3
DA:179,3
DA:180,3
DA:181,2
DA:186,1
DA:187,1
LF:74
LH:52
BRDA:14,0,0,2
BRDA:17,1,0,45
BRDA:17,1,1,0
BRDA:18,2,0,28
BRDA:24,3,0,16
BRDA:27,4,0,0
BRDA:27,5,0,16
BRDA:27,5,1,16
BRDA:42,6,0,2
BRDA:45,7,0,45
BRDA:45,7,1,0
BRDA:46,8,0,16
BRDA:52,9,0,28
BRDA:55,10,0,0
BRDA:55,11,0,28
BRDA:55,11,1,28
BRDA:72,12,0,46
BRDA:73,13,0,46
BRDA:73,13,1,0
BRDA:78,14,0,0
BRDA:78,14,1,0
BRDA:88,15,0,0
BRDA:94,16,0,0
BRDA:96,17,0,0
BRDA:96,17,1,0
BRDA:97,18,0,0
BRDA:97,18,1,0
BRDA:98,19,0,0
BRDA:99,20,0,0
BRDA:99,20,1,0
BRDA:105,21,0,0
BRDA:105,21,1,0
BRDA:119,22,0,0
BRDA:119,22,1,0
BRDA:127,23,0,0
BRDA:127,24,0,0
BRDA:127,24,1,0
BRDA:139,25,0,1
BRDA:144,26,0,3
BRDA:144,26,1,0
BRDA:145,27,0,1
BRDA:145,28,0,3
BRDA:145,28,1,3
BRDA:147,29,0,1
BRDA:147,29,1,0
BRDA:150,30,0,3
BRDA:167,31,0,1
BRDA:172,32,0,3
BRDA:172,32,1,0
BRDA:173,33,0,1
BRDA:173,34,0,3
BRDA:173,34,1,3
BRDA:175,35,0,1
BRDA:175,35,1,0
BRDA:178,36,0,3
BRF:55
BRH:28
end_of_record
